training set size: 270000
test set size: 1800
batch size: 10
start training
epoch: 	0
	warm
	train
	time: 	3094.555309534073
	cross ent: 	0.06203751049146747
	accu: 		97.69074074074075%
	test
	time: 	4.8020079135894775
	cross ent: 	0.1012932755353783
	accu: 		96.38888888888889%
	above 70.00%
epoch: 	1
	warm
	train
	time: 	3097.7490632534027
	cross ent: 	0.028150449039863006
	accu: 		99.00259259259259%
	test
	time: 	4.806785345077515
	cross ent: 	0.135522408223753
	accu: 		96.38888888888889%
	above 70.00%
epoch: 	2
	joint
	train
	time: 	6063.630467176437
	cross ent: 	0.04408956752739262
	accu: 		98.44111111111111%
	test
	time: 	4.807756662368774
	cross ent: 	0.16335620413766114
	accu: 		93.5%
	above 70.00%
epoch: 	3
	joint
	train
	time: 	6065.4051332473755
	cross ent: 	0.01874442610366926
	accu: 		99.32481481481481%
	test
	time: 	4.805521488189697
	cross ent: 	0.47303478335622157
	accu: 		86.55555555555556%
	above 70.00%
epoch: 	4
	joint
	train
	time: 	6063.376689195633
	cross ent: 	0.013990639662869465
	accu: 		99.51851851851852%
	test
	time: 	4.796305418014526
	cross ent: 	0.1418660206940356
	accu: 		95.83333333333334%
	above 70.00%
epoch: 	5
	joint
	train
	time: 	6059.1873989105225
	cross ent: 	0.011680594023429185
	accu: 		99.57888888888888%
	test
	time: 	4.798604965209961
	cross ent: 	0.2636113619126282
	accu: 		93.27777777777779%
	above 70.00%
	test
	time: 	4.7876856327056885
	cross ent: 	0.2636113619126282
	accu: 		93.27777777777779%
	above 70.00%
epoch: 	6
	joint
	train
	time: 	6061.499281406403
	cross ent: 	0.0017275148585107908
	accu: 		99.95111111111112%
	test
	time: 	4.79122519493103
	cross ent: 	0.15539800822016522
	accu: 		96.88888888888889%
	above 70.00%
epoch: 	7
	joint
	train
	time: 	6072.669717550278
	cross ent: 	0.0007098982503346767
	accu: 		99.98925925925926%
	test
	time: 	4.798232555389404
	cross ent: 	0.19668594722797808
	accu: 		96.0%
	above 70.00%
epoch: 	8
	joint
	train
	time: 	6052.088964939117
	cross ent: 	0.0007016457414307566
	accu: 		99.98703703703704%
	test
	time: 	4.797820806503296
	cross ent: 	0.14795692067253993
	accu: 		97.22222222222221%
	above 70.00%
epoch: 	9
	joint
	train
	time: 	6062.733661174774
	cross ent: 	0.000678614234147197
	accu: 		99.98962962962963%
	test
	time: 	4.799657583236694
	cross ent: 	0.16148279145828484
	accu: 		96.44444444444444%
	above 70.00%
epoch: 	10
	joint
	train
	time: 	6066.346252679825
	cross ent: 	0.0006116114745000232
	accu: 		99.99111111111111%
	test
	time: 	4.796574115753174
	cross ent: 	0.14510303609414324
	accu: 		97.16666666666667%
	above 70.00%
	test
	time: 	4.781972885131836
	cross ent: 	0.14510303609414324
	accu: 		97.16666666666667%
	above 70.00%
epoch: 	11
	joint
	train
	time: 	6061.45831990242
	cross ent: 	0.0003204438939966942
	accu: 		99.9988888888889%
	test
	time: 	4.797539472579956
	cross ent: 	0.17828221439756614
	accu: 		96.38888888888889%
	above 70.00%
epoch: 	12
	joint
	train
	time: 	6080.048875570297
	cross ent: 	0.00031883429935543166
	accu: 		99.9988888888889%
	test
	time: 	4.791233539581299
	cross ent: 	0.17742267643835577
	accu: 		96.16666666666667%
	above 70.00%
epoch: 	13
	joint
	train
	time: 	6075.1091067790985
	cross ent: 	0.0003111760309185667
	accu: 		99.9988888888889%
	test
	time: 	4.808330774307251
	cross ent: 	0.1735033166395523
	accu: 		96.33333333333334%
	above 70.00%
epoch: 	14
	joint
	train
	time: 	6058.854060173035
	cross ent: 	0.00031179497557335436
	accu: 		99.99962962962962%
	test
	time: 	4.789078712463379
	cross ent: 	0.17113068702484371
	accu: 		96.16666666666667%
	above 70.00%
epoch: 	15
	joint
	train
	time: 	6063.5897970199585
	cross ent: 	0.0003312355318687171
	accu: 		99.99814814814815%
	test
	time: 	4.7808997631073
	cross ent: 	0.14837143934447442
	accu: 		96.83333333333334%
	above 70.00%
	test
	time: 	4.775036811828613
	cross ent: 	0.14837143934447442
	accu: 		96.83333333333334%
	above 70.00%
epoch: 	16
	joint
	train
	time: 	6062.599823236465
	cross ent: 	0.0003150991647780756
	accu: 		99.99814814814815%
	test
	time: 	4.787806034088135
	cross ent: 	0.15386422820160484
	accu: 		96.22222222222221%
	above 70.00%
epoch: 	17
	joint
	train
	time: 	6063.038586139679
	cross ent: 	0.00028977573545449156
	accu: 		100.0%
	test
	time: 	4.785201787948608
	cross ent: 	0.16096618849628108
	accu: 		96.5%
	above 70.00%
epoch: 	18
	joint
	train
	time: 	6060.836751937866
	cross ent: 	0.0002967140560937912
	accu: 		99.99962962962962%
	test
	time: 	4.790948867797852
	cross ent: 	0.1637244352589025
	accu: 		96.27777777777777%
	above 70.00%
epoch: 	19
	joint
	train
	time: 	6058.404856920242
	cross ent: 	0.0002967291431186486
	accu: 		99.9988888888889%
	test
	time: 	4.787530183792114
	cross ent: 	0.17022994050077817
	accu: 		96.11111111111111%
	above 70.00%
epoch: 	20
	joint
	train
	time: 	6066.659436225891
	cross ent: 	0.0003048019429435145
	accu: 		99.99851851851852%
	test
	time: 	4.793389320373535
	cross ent: 	0.15875047050879706
	accu: 		96.11111111111111%
	above 70.00%
	test
	time: 	4.777766942977905
	cross ent: 	0.15875047050879706
	accu: 		96.11111111111111%
	above 70.00%
epoch: 	21
	joint
	train
	time: 	6059.934110403061
	cross ent: 	0.0002923992103111501
	accu: 		99.99962962962962%
	test
	time: 	4.7880144119262695
	cross ent: 	0.16454087226096212
	accu: 		96.38888888888889%
	above 70.00%
epoch: 	22
	joint
	train
	time: 	6051.813729524612
	cross ent: 	0.00030205882418670593
	accu: 		99.99851851851852%
	test
	time: 	4.793137788772583
	cross ent: 	0.1529757625333635
	accu: 		96.38888888888889%
	above 70.00%
epoch: 	23
	joint
	train
	time: 	6074.863895177841
	cross ent: 	0.00029817810175572284
	accu: 		99.9988888888889%
	test
	time: 	4.793806076049805
	cross ent: 	0.1649814104241361
	accu: 		96.11111111111111%
	above 70.00%
epoch: 	24
	joint
	train
	time: 	6056.6360030174255
	cross ent: 	0.00029470817405389323
	accu: 		99.99962962962962%
	test
	time: 	4.789259672164917
	cross ent: 	0.14952304065930852
	accu: 		96.55555555555554%
	above 70.00%
epoch: 	25
	joint
	train
	time: 	6069.508496761322
	cross ent: 	0.0003024662302097433
	accu: 		99.99851851851852%
	test
	time: 	4.795984983444214
	cross ent: 	0.17040374587627916
	accu: 		96.16666666666667%
	above 70.00%
	test
	time: 	4.783175468444824
	cross ent: 	0.17040374587627916
	accu: 		96.16666666666667%
	above 70.00%
epoch: 	26
	joint
	train
	time: 	6072.071261405945
	cross ent: 	0.00029010177931383993
	accu: 		99.99925925925925%
	test
	time: 	4.798658847808838
	cross ent: 	0.15934493109731798
	accu: 		96.27777777777777%
	above 70.00%
epoch: 	27
	joint
	train
	time: 	6065.034819364548
	cross ent: 	0.00030817037407609017
	accu: 		99.99925925925925%
	test
	time: 	4.791821479797363
	cross ent: 	0.16959688225364922
	accu: 		96.05555555555556%
	above 70.00%
epoch: 	28
	joint
	train
	time: 	6052.857346534729
	cross ent: 	0.0002983173986828694
	accu: 		99.99962962962962%
	test
	time: 	4.783447265625
	cross ent: 	0.17029267998501987
	accu: 		96.16666666666667%
	above 70.00%
epoch: 	29
	joint
	train
	time: 	6072.064650058746
	cross ent: 	0.0003120947193248732
	accu: 		99.99814814814815%
	test
	time: 	4.791391849517822
	cross ent: 	0.17223790801916847
	accu: 		96.16666666666667%
	above 70.00%
epoch: 	30
	joint
	train
	time: 	6075.192225217819
	cross ent: 	0.0002916360875765181
	accu: 		99.99925925925925%
	test
	time: 	4.780425786972046
	cross ent: 	0.15992964606549423
	accu: 		96.22222222222221%
	above 70.00%
	test
	time: 	4.778644561767578
	cross ent: 	0.15992964606549423
	accu: 		96.22222222222221%
	above 70.00%
epoch: 	31
	joint
	train
	time: 	6065.306413650513
	cross ent: 	0.0003040886668238306
	accu: 		99.99851851851852%
	test
	time: 	4.793632507324219
	cross ent: 	0.15274959434019467
	accu: 		96.44444444444444%
	above 70.00%
epoch: 	32
	joint
	train
	time: 	6066.468196630478
	cross ent: 	0.00029686660436009
	accu: 		99.99925925925925%
	test
	time: 	4.781930446624756
	cross ent: 	0.1485459800666528
	accu: 		96.55555555555554%
	above 70.00%
epoch: 	33
	joint
	train
	time: 	6061.219711065292
	cross ent: 	0.0003056248197022392
	accu: 		99.99851851851852%
	test
	time: 	4.787221431732178
	cross ent: 	0.16484131958895887
	accu: 		96.22222222222221%
	above 70.00%
epoch: 	34
	joint
	train
	time: 	6056.8061447143555
	cross ent: 	0.00028998569083287965
	accu: 		99.99962962962962%
	test
	time: 	4.791419506072998
	cross ent: 	0.16577040415460134
	accu: 		96.27777777777777%
	above 70.00%
epoch: 	35
	joint
	train
	time: 	6058.145625114441
	cross ent: 	0.00028429910787747725
	accu: 		99.99925925925925%
	test
	time: 	4.784473180770874
	cross ent: 	0.16126294057580204
	accu: 		96.33333333333334%
	above 70.00%
	test
	time: 	4.780366897583008
	cross ent: 	0.16126294057580204
	accu: 		96.33333333333334%
	above 70.00%
epoch: 	36
	joint
	train
	time: 	6054.209562540054
	cross ent: 	0.0002853576707199897
	accu: 		99.99925925925925%
	test
	time: 	4.790479421615601
	cross ent: 	0.15864520620238587
	accu: 		96.27777777777777%
	above 70.00%
epoch: 	37
	joint
	train
	time: 	6059.283798456192
	cross ent: 	0.0003073792469917357
	accu: 		99.99814814814815%
	test
	time: 	4.793802261352539
	cross ent: 	0.1604050930978297
	accu: 		96.22222222222221%
	above 70.00%
epoch: 	38
	joint
	train
	time: 	6063.748710393906
	cross ent: 	0.00029959311698230857
	accu: 		99.99851851851852%
	test
	time: 	4.803454160690308
	cross ent: 	0.16534468899246552
	accu: 		96.05555555555556%
	above 70.00%
epoch: 	39
	joint
	train
	time: 	6071.704979419708
	cross ent: 	0.00030640040068559486
	accu: 		99.99814814814815%
	test
	time: 	4.793777942657471
	cross ent: 	0.1556636916403578
	accu: 		96.38888888888889%
	above 70.00%
epoch: 	40
	joint
	train
	time: 	6105.157666444778
	cross ent: 	0.000287532824286043
	accu: 		99.99962962962962%
	test
	time: 	4.799633741378784
	cross ent: 	0.17691839013989213
	accu: 		95.94444444444444%
	above 70.00%
	test
	time: 	4.792836666107178
	cross ent: 	0.17691839013989213
	accu: 		95.94444444444444%
	above 70.00%
epoch: 	41
	joint
	train
	time: 	6090.085510492325
	cross ent: 	0.0002933609911444903
	accu: 		99.99925925925925%
	test
	time: 	4.800827741622925
	cross ent: 	0.16512721272010822
	accu: 		96.33333333333334%
	above 70.00%
epoch: 	42
	joint
	train
	time: 	6062.329278945923
	cross ent: 	0.0003066686826303474
	accu: 		99.99777777777777%
	test
	time: 	4.784323453903198
	cross ent: 	0.15282111609728113
	accu: 		96.66666666666667%
	above 70.00%
epoch: 	43
	joint
	train
	time: 	6062.0492968559265
	cross ent: 	0.00030309821911281753
	accu: 		99.9988888888889%
	test
	time: 	4.7878594398498535
	cross ent: 	0.16155160260920334
	accu: 		96.22222222222221%
	above 70.00%
epoch: 	44
	joint
	train
	time: 	6076.074093103409
	cross ent: 	0.00029490685644486804
	accu: 		99.99925925925925%
	test
	time: 	4.800478219985962
	cross ent: 	0.15991757219065525
	accu: 		96.27777777777777%
	above 70.00%
epoch: 	45
	joint
	train
	time: 	6065.008583545685
	cross ent: 	0.00028940701923393475
	accu: 		99.99962962962962%
	test
	time: 	4.788606405258179
	cross ent: 	0.15868566459216205
	accu: 		96.16666666666667%
	above 70.00%
	test
	time: 	4.777088165283203
	cross ent: 	0.15868566459216205
	accu: 		96.16666666666667%
	above 70.00%
epoch: 	46
	joint
	train
	time: 	6056.854590177536
	cross ent: 	0.0002957806413690344
	accu: 		99.99925925925925%
	test
	time: 	4.794299840927124
	cross ent: 	0.16262858090461427
	accu: 		96.33333333333334%
	above 70.00%
epoch: 	47
	joint
	train
	time: 	6063.996623039246
	cross ent: 	0.0002898909467906008
	accu: 		99.99962962962962%
	test
	time: 	4.787720441818237
	cross ent: 	0.1770902073508801
	accu: 		96.05555555555556%
	above 70.00%
epoch: 	48
	joint
	train
	time: 	6069.229570388794
	cross ent: 	0.00030753369543122565
	accu: 		99.9988888888889%
	test
	time: 	4.797900915145874
	cross ent: 	0.16499217134858352
	accu: 		96.27777777777777%
	above 70.00%
epoch: 	49
	joint
	train
	time: 	6071.283942937851
	cross ent: 	0.0002899459751223966
	accu: 		99.99925925925925%
	test
	time: 	4.8111371994018555
	cross ent: 	0.1619905736865298
	accu: 		96.22222222222221%
	above 70.00%
