training set size: 270000
test set size: 1800
batch size: 3
start training
epoch: 	0
	warm
	train
training set size: 270000
test set size: 1800
batch size: 3
start training
epoch: 	0
	warm
	train
	time: 	7213.567229509354
	cross ent: 	0.14690010689454766
	accu: 		94.21000000000001%
	test
	time: 	3.8942275047302246
	cross ent: 	0.47072436156061787
	accu: 		86.72222222222223%
	above 70.00%
epoch: 	1
	warm
	train
	time: 	7208.31693148613
	cross ent: 	0.09376163391190817
	accu: 		96.44222222222221%
	test
	time: 	3.9057724475860596
	cross ent: 	0.6376370780118223
	accu: 		88.1111111111111%
	above 70.00%
epoch: 	2
	joint
	train
	time: 	12631.359698057175
	cross ent: 	0.07455378164030681
	accu: 		97.24037037037037%
	test
	time: 	3.873389959335327
	cross ent: 	0.16538975400746697
	accu: 		94.77777777777779%
	above 70.00%
epoch: 	3
	joint
	train
	time: 	12660.494678974152
	cross ent: 	0.03582910559454014
	accu: 		98.6937037037037%
	test
	time: 	3.864748477935791
	cross ent: 	0.1887065758451677
	accu: 		93.27777777777779%
	above 70.00%
epoch: 	4
	joint
	train
	time: 	12702.168226242065
	cross ent: 	0.029681120377795786
	accu: 		98.92814814814814%
	test
	time: 	3.8699402809143066
	cross ent: 	0.2825738215304025
	accu: 		91.61111111111111%
	above 70.00%
epoch: 	5
	joint
	train
	time: 	12647.10787987709
	cross ent: 	0.027112002503936073
	accu: 		99.02222222222223%
	test
	time: 	3.898761034011841
	cross ent: 	0.22723609549615909
	accu: 		93.55555555555556%
	above 70.00%
	test
	time: 	3.851041078567505
	cross ent: 	0.22723609549615909
	accu: 		93.55555555555556%
	above 70.00%
epoch: 	6
	joint
	train
	time: 	12721.367374181747
	cross ent: 	0.005723150006092136
	accu: 		99.81222222222222%
	test
	time: 	3.857351303100586
	cross ent: 	0.20785549694143254
	accu: 		94.72222222222221%
	above 70.00%
epoch: 	7
	joint
	train
	time: 	12657.67578959465
	cross ent: 	0.003055918543004965
	accu: 		99.89333333333333%
	test
	time: 	3.862090826034546
	cross ent: 	0.20566028407034764
	accu: 		93.72222222222221%
	above 70.00%
epoch: 	8
	joint
	train
	time: 	12658.62132692337
	cross ent: 	0.00234460230998319
	accu: 		99.92925925925927%
	test
	time: 	3.8597006797790527
	cross ent: 	0.3014755239961239
	accu: 		92.94444444444444%
	above 70.00%
epoch: 	9
	joint
	train
	time: 	12635.402037143707
	cross ent: 	0.0021761915827914536
	accu: 		99.93703703703703%
	test
	time: 	3.8647749423980713
	cross ent: 	0.21410976628894535
	accu: 		94.22222222222221%
	above 70.00%
epoch: 	10
	joint
	train
	time: 	12670.28583931923
	cross ent: 	0.0017708467390877382
	accu: 		99.94814814814815%
	test
	time: 	3.8601608276367188
	cross ent: 	0.17203145241211992
	accu: 		95.66666666666667%
	above 70.00%
	test
	time: 	3.8507628440856934
	cross ent: 	0.17203145241211992
	accu: 		95.66666666666667%
	above 70.00%
epoch: 	11
	joint
	train
	time: 	12672.768671274185
	cross ent: 	0.0010368569604954038
	accu: 		99.97592592592592%
	test
	time: 	3.854184865951538
	cross ent: 	0.1875499521398625
	accu: 		95.66666666666667%
	above 70.00%
epoch: 	12
	joint
	train
	time: 	12645.659036874771
	cross ent: 	0.0008213036755595371
	accu: 		99.98370370370371%
	test
	time: 	3.856125593185425
	cross ent: 	0.22400546903261898
	accu: 		93.77777777777779%
	above 70.00%
epoch: 	13
	joint
	train
	time: 	12657.739910840988
	cross ent: 	0.0007873090783476048
	accu: 		99.98444444444445%
	test
	time: 	3.8481574058532715
	cross ent: 	0.2090163983070315
	accu: 		94.55555555555556%
	above 70.00%
epoch: 	14
	joint
	train
	time: 	12658.606789827347
	cross ent: 	0.0007631981603476681
	accu: 		99.98666666666666%
	test
	time: 	3.8633453845977783
	cross ent: 	0.19918500443068549
	accu: 		95.0%
	above 70.00%
epoch: 	15
	joint
	train
	time: 	12714.227333307266
	cross ent: 	0.000657615428294017
	accu: 		99.99148148148149%
	test
	time: 	3.8677661418914795
	cross ent: 	0.18274313663345587
	accu: 		95.83333333333334%
	above 70.00%
	test
	time: 	3.8610191345214844
	cross ent: 	0.18274313663345587
	accu: 		95.83333333333334%
	above 70.00%
epoch: 	16
	joint
	train
	time: 	12674.98297739029
	cross ent: 	0.000596583142275821
	accu: 		99.99185185185185%
	test
	time: 	3.845048666000366
	cross ent: 	0.19503906566523532
	accu: 		94.88888888888889%
	above 70.00%
epoch: 	17
	joint
	train
	time: 	12639.589156389236
	cross ent: 	0.0006084480681917007
	accu: 		99.99407407407406%
	test
	time: 	3.8494386672973633
	cross ent: 	0.19414333441556486
	accu: 		94.72222222222221%
	above 70.00%
epoch: 	18
	joint
	train
	time: 	12663.748216629028
	cross ent: 	0.000606303535040472
	accu: 		99.99111111111111%
	test
	time: 	3.873596668243408
	cross ent: 	0.21484871079346768
	accu: 		94.27777777777779%
	above 70.00%
epoch: 	19
	joint
	train
	time: 	12665.515020608902
	cross ent: 	0.0006804026544250367
	accu: 		99.98777777777778%
	test
	time: 	3.8774027824401855
	cross ent: 	0.21409311518561303
	accu: 		94.11111111111111%
	above 70.00%
epoch: 	20
	joint
	train
	time: 	12672.70742559433
	cross ent: 	0.000609501359040688
	accu: 		99.99148148148149%
	test
	time: 	3.875363826751709
	cross ent: 	0.19739452152815476
	accu: 		94.83333333333334%
	above 70.00%
	test
	time: 	3.8540821075439453
	cross ent: 	0.19739452152815476
	accu: 		94.83333333333334%
	above 70.00%
epoch: 	21
	joint
	train
	time: 	12723.869326353073
	cross ent: 	0.0005839228227357295
	accu: 		99.99259259259259%
	test
	time: 	3.855220317840576
	cross ent: 	0.20850134371376802
	accu: 		94.55555555555556%
	above 70.00%
epoch: 	22
	joint
	train
	time: 	12704.308711767197
	cross ent: 	0.0005810753676913243
	accu: 		99.99407407407406%
	test
	time: 	3.8538146018981934
	cross ent: 	0.19752634297201313
	accu: 		94.66666666666667%
	above 70.00%
epoch: 	23
	joint
	train
	time: 	12765.727608680725
	cross ent: 	0.0006365708227226865
	accu: 		99.99111111111111%
	test
	time: 	3.857239246368408
	cross ent: 	0.20660044540955547
	accu: 		94.5%
	above 70.00%
epoch: 	24
	joint
	train
	time: 	12661.906049966812
	cross ent: 	0.0006915749130554642
	accu: 		99.99%
	test
	time: 	3.8582534790039062
	cross ent: 	0.21487256967806287
	accu: 		94.38888888888889%
	above 70.00%
epoch: 	25
	joint
	train
	time: 	12668.1159658432
	cross ent: 	0.0006234266819629447
	accu: 		99.99222222222222%
	test
	time: 	3.8450846672058105
	cross ent: 	0.2114207417092694
	accu: 		94.22222222222221%
	above 70.00%
	test
	time: 	3.8522167205810547
	cross ent: 	0.2114207417092694
	accu: 		94.22222222222221%
	above 70.00%
epoch: 	26
	joint
	train
	time: 	12776.180711984634
	cross ent: 	0.0006547790064488898
	accu: 		99.98851851851852%
	test
	time: 	3.839643716812134
	cross ent: 	0.20310079594184394
	accu: 		95.05555555555556%
	above 70.00%
epoch: 	27
	joint
	train
	time: 	12675.528323173523
	cross ent: 	0.0005988598824815458
	accu: 		99.99074074074073%
	test
	time: 	3.8487303256988525
	cross ent: 	0.20519706383703984
	accu: 		94.38888888888889%
	above 70.00%
epoch: 	28
	joint
	train
	time: 	12764.131412267685
	cross ent: 	0.0006115447832342902
	accu: 		99.99111111111111%
	test
	time: 	3.851921319961548
	cross ent: 	0.20716424894809254
	accu: 		94.88888888888889%
	above 70.00%
epoch: 	29
	joint
	train
	time: 	12672.893218755722
	cross ent: 	0.0006755610961986451
	accu: 		99.99037037037037%
	test
	time: 	3.8465003967285156
	cross ent: 	0.2181083725317118
	accu: 		94.22222222222221%
	above 70.00%
epoch: 	30
	joint
	train
	time: 	12647.100116491318
	cross ent: 	0.0006328729384454758
	accu: 		99.99185185185185%
	test
	time: 	3.8466742038726807
	cross ent: 	0.2040632080278581
	accu: 		94.27777777777779%
	above 70.00%
	test
	time: 	3.8370916843414307
	cross ent: 	0.2040632080278581
	accu: 		94.27777777777779%
	above 70.00%
epoch: 	31
	joint
	train
	time: 	12649.194905757904
	cross ent: 	0.0006081736234110085
	accu: 		99.99074074074073%
	test
	time: 	3.8484678268432617
	cross ent: 	0.20133587521658253
	accu: 		95.0%
	above 70.00%
epoch: 	32
	joint
	train
	time: 	12711.8431122303
	cross ent: 	0.0005387441421371174
	accu: 		99.99333333333334%
	test
	time: 	3.8487722873687744
	cross ent: 	0.19490429600979395
	accu: 		95.11111111111111%
	above 70.00%
epoch: 	33
	joint
	train
	time: 	12647.13040971756
	cross ent: 	0.0005853372451809441
	accu: 		99.99481481481482%
	test
	time: 	3.854294776916504
	cross ent: 	0.20771662012310166
	accu: 		94.44444444444444%
	above 70.00%
epoch: 	34
	joint
	train
	time: 	12711.171718597412
	cross ent: 	0.0005848019680387754
	accu: 		99.9937037037037%
	test
	time: 	3.8551225662231445
	cross ent: 	0.2181581859294018
	accu: 		94.05555555555556%
	above 70.00%
epoch: 	35
	joint
	train
	time: 	12671.382915258408
	cross ent: 	0.0005396422218451777
	accu: 		99.99518518518519%
	test
	time: 	3.8512184619903564
	cross ent: 	0.19449658605354772
	accu: 		94.83333333333334%
	above 70.00%
	test
	time: 	3.8363022804260254
	cross ent: 	0.19449658605354772
	accu: 		94.83333333333334%
	above 70.00%
epoch: 	36
	joint
	train
	time: 	12733.063942670822
	cross ent: 	0.0006114576174576629
	accu: 		99.99259259259259%
	test
	time: 	3.8496174812316895
	cross ent: 	0.2047375161992338
	accu: 		94.55555555555556%
	above 70.00%
epoch: 	37
	joint
	train
	time: 	12638.722433328629
	cross ent: 	0.0006841065658053961
	accu: 		99.99074074074073%
	test
	time: 	3.8506252765655518
	cross ent: 	0.21916611482904752
	accu: 		94.33333333333334%
	above 70.00%
epoch: 	38
	joint
	train
	time: 	12746.778072595596
	cross ent: 	0.0006075402649644218
	accu: 		99.98962962962963%
	test
	time: 	3.848257303237915
	cross ent: 	0.20688799386102297
	accu: 		94.72222222222221%
	above 70.00%
epoch: 	39
	joint
	train
	time: 	12730.486697435379
	cross ent: 	0.0005925978974899383
	accu: 		99.99296296296296%
	test
	time: 	3.848371744155884
	cross ent: 	0.20948004124843717
	accu: 		94.38888888888889%
	above 70.00%
epoch: 	40
	joint
	train
	time: 	12672.009294986725
	cross ent: 	0.0005800123182758664
	accu: 		99.99222222222222%
	test
	time: 	3.8548145294189453
	cross ent: 	0.20767407569908236
	accu: 		94.66666666666667%
	above 70.00%
	test
	time: 	3.853694200515747
	cross ent: 	0.20767407569908236
	accu: 		94.66666666666667%
	above 70.00%
epoch: 	41
	joint
	train
	time: 	12780.389514684677
	cross ent: 	0.0006040885922514854
	accu: 		99.99333333333334%
	test
	time: 	3.8712658882141113
	cross ent: 	0.20374493521287856
	accu: 		94.77777777777779%
	above 70.00%
epoch: 	42
	joint
	train
	time: 	12665.741385698318
	cross ent: 	0.0005878300508126706
	accu: 		99.99333333333334%
	test
	time: 	3.8586275577545166
	cross ent: 	0.21085149488585683
	accu: 		94.0%
	above 70.00%
epoch: 	43
	joint
	train
	time: 	12695.380561828613
	cross ent: 	0.000630708013502185
	accu: 		99.99%
	test
	time: 	3.8503568172454834
	cross ent: 	0.21464658379509022
	accu: 		94.0%
	above 70.00%
epoch: 	44
	joint
	train
	time: 	12679.195958852768
	cross ent: 	0.0006196787395886089
	accu: 		99.99074074074073%
	test
	time: 	3.8493456840515137
	cross ent: 	0.19818029043441104
	accu: 		94.55555555555556%
	above 70.00%
epoch: 	45
	joint
	train
	time: 	12666.868898391724
	cross ent: 	0.0006366954689797132
	accu: 		99.98925925925926%
	test
	time: 	3.8420777320861816
	cross ent: 	0.2031361791627041
	accu: 		94.55555555555556%
	above 70.00%
	test
	time: 	3.8405826091766357
	cross ent: 	0.2031361791627041
	accu: 		94.55555555555556%
	above 70.00%
epoch: 	46
	joint
	train
	time: 	12662.14785194397
	cross ent: 	0.0006396571518047274
	accu: 		99.99074074074073%
	test
	time: 	3.8476994037628174
	cross ent: 	0.20340866416579376
	accu: 		94.88888888888889%
	above 70.00%
epoch: 	47
	joint
	train
	time: 	12601.65663099289
	cross ent: 	0.0006087832838409402
	accu: 		99.99185185185185%
	test
	time: 	3.8769118785858154
	cross ent: 	0.20430471496040228
	accu: 		94.0%
	above 70.00%
epoch: 	48
	joint
	train
	time: 	12687.29675245285
	cross ent: 	0.0005947630852194581
	accu: 		99.99074074074073%
	test
	time: 	3.857590675354004
	cross ent: 	0.21378704651911878
	accu: 		94.22222222222221%
	above 70.00%
epoch: 	49
	joint
	train
	time: 	12631.50525021553
	cross ent: 	0.0006032834405625377
	accu: 		99.99185185185185%
	test
	time: 	3.8467037677764893
	cross ent: 	0.1973462898421682
	accu: 		94.94444444444444%
	above 70.00%
