training set size: 270000
push set size: 9000
test set size: 1800
batch size: 80
start training
epoch: 	0
	warm
	train
	time: 	619.9550814628601
	cross ent: 	0.021114494720796184
	accu: 		99.2%
	test
	time: 	4.70966911315918
	cross ent: 	0.13103569708699878
	accu: 		95.05555555555556%
	above 70.00%
epoch: 	1
	warm
	train
	time: 	620.0443601608276
	cross ent: 	0.005440478778016835
	accu: 		99.81740740740742%
	test
	time: 	4.712554931640625
	cross ent: 	0.17412638071002423
	accu: 		95.33333333333334%
	above 70.00%
epoch: 	2
	joint
	train
	time: 	1802.1289041042328
	cross ent: 	0.027730169757886433
	accu: 		99.11259259259259%
	test
	time: 	4.768723726272583
	cross ent: 	0.17566266381284854
	accu: 		95.83333333333334%
	above 70.00%
epoch: 	3
	joint
	train
	time: 	1801.82786154747
	cross ent: 	0.020297641932424018
	accu: 		99.28037037037038%
	test
	time: 	4.759402751922607
	cross ent: 	0.07637805534573595
	accu: 		97.61111111111111%
	above 70.00%
epoch: 	4
	joint
	train
	time: 	1801.7704510688782
	cross ent: 	0.013878253502005396
	accu: 		99.49777777777777%
	test
	time: 	4.791798114776611
	cross ent: 	0.09303212899168203
	accu: 		97.11111111111111%
	above 70.00%
epoch: 	5
	joint
	train
	time: 	1801.0073668956757
	cross ent: 	0.013098204903140733
	accu: 		99.52851851851851%
	test
	time: 	4.763236999511719
	cross ent: 	0.11969260591574009
	accu: 		97.05555555555556%
	above 70.00%
	test
	time: 	4.698288440704346
	cross ent: 	0.11969260591574009
	accu: 		97.05555555555556%
	above 70.00%
epoch: 	6
	joint
	train
	time: 	1800.0956416130066
	cross ent: 	0.001939232633512364
	accu: 		99.93407407407408%
	test
	time: 	4.74851393699646
	cross ent: 	0.1590704727096358
	accu: 		96.88888888888889%
	above 70.00%
epoch: 	7
	joint
	train
	time: 	1799.970492362976
	cross ent: 	0.0016863196806407021
	accu: 		99.93666666666667%
	test
	time: 	4.7634828090667725
	cross ent: 	0.17780286376393897
	accu: 		96.5%
	above 70.00%
epoch: 	8
	joint
	train
	time: 	1800.3200042247772
	cross ent: 	0.0016849041026051864
	accu: 		99.94962962962963%
	test
	time: 	4.763124942779541
	cross ent: 	0.14404540028868318
	accu: 		97.33333333333334%
	above 70.00%
epoch: 	9
	joint
	train
	time: 	1799.990154504776
	cross ent: 	0.0017388099856094179
	accu: 		99.94148148148149%
	test
	time: 	4.765851020812988
	cross ent: 	0.12934510809691346
	accu: 		96.94444444444444%
	above 70.00%
epoch: 	10
	joint
	train
	time: 	1799.8906843662262
	cross ent: 	0.001707847529153494
	accu: 		99.94481481481482%
	test
	time: 	4.765085220336914
	cross ent: 	0.1794480427509484
	accu: 		96.77777777777777%
	above 70.00%
	test
	time: 	4.713956594467163
	cross ent: 	0.1794480427509484
	accu: 		96.77777777777777%
	above 70.00%
epoch: 	11
	joint
	train
	time: 	1800.135311126709
	cross ent: 	0.0007926802057941806
	accu: 		99.97703703703704%
	test
	time: 	4.747980117797852
	cross ent: 	0.14093483021202424
	accu: 		97.5%
	above 70.00%
epoch: 	12
	joint
	train
	time: 	1800.5697612762451
	cross ent: 	0.0007410181133715199
	accu: 		99.97777777777777%
	test
	time: 	4.764376401901245
	cross ent: 	0.14421210768774825
	accu: 		97.27777777777777%
	above 70.00%
epoch: 	13
	joint
	train
	time: 	1801.1154625415802
	cross ent: 	0.0007497731510151156
	accu: 		99.98074074074074%
	test
	time: 	4.764060974121094
	cross ent: 	0.14028916546931214
	accu: 		97.27777777777777%
	above 70.00%
epoch: 	14
	joint
	train
	time: 	1801.0601511001587
	cross ent: 	0.0007245680812194072
	accu: 		99.98148148148148%
	test
	time: 	4.751132965087891
	cross ent: 	0.14630230533576435
	accu: 		97.27777777777777%
	above 70.00%
epoch: 	15
	joint
	train
	time: 	1801.599449634552
	cross ent: 	0.0007246376489223688
	accu: 		99.98148148148148%
	test
	time: 	4.76534366607666
	cross ent: 	0.14398147844817938
	accu: 		97.33333333333334%
	above 70.00%
	test
	time: 	4.701092958450317
	cross ent: 	0.14398147844817938
	accu: 		97.33333333333334%
	above 70.00%
epoch: 	16
	joint
	train
	time: 	1800.6200287342072
	cross ent: 	0.0006602559895543521
	accu: 		99.98370370370371%
	test
	time: 	4.7489173412323
	cross ent: 	0.1432707608339317
	accu: 		97.38888888888889%
	above 70.00%
epoch: 	17
	joint
	train
	time: 	1800.2911615371704
	cross ent: 	0.0006510989449670214
	accu: 		99.98370370370371%
	test
	time: 	4.767166614532471
	cross ent: 	0.1446816370607501
	accu: 		97.33333333333334%
	above 70.00%
epoch: 	18
	joint
	train
	time: 	1800.1723713874817
	cross ent: 	0.0006509305748420586
	accu: 		99.98444444444445%
	test
	time: 	4.761578798294067
	cross ent: 	0.14455312939388895
	accu: 		97.33333333333334%
	above 70.00%
epoch: 	19
	joint
	train
	time: 	1800.0042896270752
	cross ent: 	0.0006511944213247665
	accu: 		99.98370370370371%
	test
	time: 	4.770212173461914
	cross ent: 	0.1432571527543871
	accu: 		97.27777777777777%
	above 70.00%
epoch: 	20
	joint
	train
	time: 	1800.0052285194397
	cross ent: 	0.0006505633649621561
	accu: 		99.98481481481481%
	test
	time: 	4.763557434082031
	cross ent: 	0.1439766198189242
	accu: 		97.33333333333334%
	above 70.00%
	test
	time: 	4.700047492980957
	cross ent: 	0.1439766198189242
	accu: 		97.33333333333334%
	above 70.00%
epoch: 	21
	joint
	train
	time: 	1799.7651579380035
	cross ent: 	0.0006425768259598751
	accu: 		99.98444444444445%
	test
	time: 	4.7419822216033936
	cross ent: 	0.14408414022589178
	accu: 		97.33333333333334%
	above 70.00%
epoch: 	22
	joint
	train
	time: 	1799.5482552051544
	cross ent: 	0.0006420188777471375
	accu: 		99.98481481481481%
	test
	time: 	4.761973142623901
	cross ent: 	0.1442966302954479
	accu: 		97.33333333333334%
	above 70.00%
epoch: 	23
	joint
	train
	time: 	1799.5404064655304
	cross ent: 	0.0006418134090877343
	accu: 		99.98370370370371%
	test
	time: 	4.760307788848877
	cross ent: 	0.14427846110063078
	accu: 		97.33333333333334%
	above 70.00%
epoch: 	24
	joint
	train
	time: 	1799.4752156734467
	cross ent: 	0.000641478017012509
	accu: 		99.98370370370371%
	test
	time: 	4.75701642036438
	cross ent: 	0.14424692151988616
	accu: 		97.33333333333334%
	above 70.00%
epoch: 	25
	joint
	train
	time: 	1799.5630657672882
	cross ent: 	0.0006413480855362819
	accu: 		99.98444444444445%
	test
	time: 	4.763765573501587
	cross ent: 	0.14433317899562326
	accu: 		97.33333333333334%
	above 70.00%
	test
	time: 	4.706964492797852
	cross ent: 	0.14433317899562326
	accu: 		97.33333333333334%
	above 70.00%
epoch: 	26
	joint
	train
	time: 	1799.4776225090027
	cross ent: 	0.0006402367762467309
	accu: 		99.98407407407407%
	test
	time: 	4.747614622116089
	cross ent: 	0.1443262981029534
	accu: 		97.33333333333334%
	above 70.00%
epoch: 	27
	joint
	train
	time: 	1799.3084073066711
	cross ent: 	0.0006401969720244172
	accu: 		99.98407407407407%
	test
	time: 	4.7710185050964355
	cross ent: 	0.14431628350723397
	accu: 		97.33333333333334%
	above 70.00%
epoch: 	28
	joint
	train
	time: 	1799.4152076244354
	cross ent: 	0.0006401203744066219
	accu: 		99.98407407407407%
	test
	time: 	4.7589075565338135
	cross ent: 	0.14431097078181349
	accu: 		97.33333333333334%
	above 70.00%
epoch: 	29
	joint
	train
	time: 	1799.5641214847565
	cross ent: 	0.0006400608757112591
	accu: 		99.98407407407407%
	test
	time: 	4.766676902770996
	cross ent: 	0.1443054909921418
	accu: 		97.33333333333334%
	above 70.00%
epoch: 	30
	joint
	train
	time: 	1799.4327945709229
	cross ent: 	0.0006399780100626197
	accu: 		99.98407407407407%
	test
	time: 	4.74897837638855
	cross ent: 	0.1443013806072852
	accu: 		97.33333333333334%
	above 70.00%
	test
	time: 	4.706408500671387
	cross ent: 	0.1443013806072852
	accu: 		97.33333333333334%
	above 70.00%
epoch: 	31
	joint
	train
	time: 	1799.1360042095184
	cross ent: 	0.0006399139989377915
	accu: 		99.98407407407407%
	test
	time: 	4.743272304534912
	cross ent: 	0.14430303543208664
	accu: 		97.33333333333334%
	above 70.00%
epoch: 	32
	joint
	train
	time: 	1799.206918478012
	cross ent: 	0.0006399067528255997
	accu: 		99.98407407407407%
	test
	time: 	4.764280080795288
	cross ent: 	0.14430392230593725
	accu: 		97.33333333333334%
	above 70.00%
epoch: 	33
	joint
	train
	time: 	1799.366574048996
	cross ent: 	0.0006399027876377912
	accu: 		99.98407407407407%
	test
	time: 	4.759257555007935
	cross ent: 	0.14430334372097933
	accu: 		97.33333333333334%
	above 70.00%
epoch: 	34
	joint
	train
	time: 	1799.1930768489838
	cross ent: 	0.0006399058709400244
	accu: 		99.98407407407407%
	test
	time: 	4.76004695892334
	cross ent: 	0.14430211525971495
	accu: 		97.33333333333334%
	above 70.00%
epoch: 	35
	joint
	train
	time: 	1798.9288103580475
	cross ent: 	0.0006399017273940478
	accu: 		99.98407407407407%
	test
	time: 	4.763201951980591
	cross ent: 	0.14430218418459617
	accu: 		97.33333333333334%
	above 70.00%
	test
	time: 	4.7129762172698975
	cross ent: 	0.14430218418459617
	accu: 		97.33333333333334%
	above 70.00%
epoch: 	36
	joint
	train
	time: 	1798.9300920963287
	cross ent: 	0.000639893821292061
	accu: 		99.98407407407407%
	test
	time: 	4.743164539337158
	cross ent: 	0.14430211209764188
	accu: 		97.33333333333334%
	above 70.00%
epoch: 	37
	joint
	train
	time: 	1799.1122291088104
	cross ent: 	0.0006398928812671969
	accu: 		99.98407407407407%
	test
	time: 	4.760155439376831
	cross ent: 	0.14430278761694934
	accu: 		97.33333333333334%
	above 70.00%
epoch: 	38
	joint
	train
	time: 	1798.9510264396667
	cross ent: 	0.0006398925367610967
	accu: 		99.98407407407407%
	test
	time: 	4.766182899475098
	cross ent: 	0.1443026485135748
	accu: 		97.33333333333334%
	above 70.00%
epoch: 	39
	joint
	train
	time: 	1799.2598023414612
	cross ent: 	0.0006398924876473133
	accu: 		99.98407407407407%
	test
	time: 	4.764913320541382
	cross ent: 	0.1443027814657335
	accu: 		97.33333333333334%
	above 70.00%
epoch: 	40
	joint
	train
	time: 	1799.0574405193329
	cross ent: 	0.0006398929018414913
	accu: 		99.98407407407407%
	test
	time: 	4.760936498641968
	cross ent: 	0.14430273129780366
	accu: 		97.33333333333334%
	above 70.00%
	test
	time: 	4.69182562828064
	cross ent: 	0.14430273129780366
	accu: 		97.33333333333334%
	above 70.00%
epoch: 	41
	joint
	train
	time: 	1798.8912198543549
	cross ent: 	0.0006398929092467235
	accu: 		99.98407407407407%
	test
	time: 	4.750859498977661
	cross ent: 	0.14430263200846916
	accu: 		97.33333333333334%
	above 70.00%
epoch: 	42
	joint
	train
	time: 	1798.2459526062012
	cross ent: 	0.0006398930791036845
	accu: 		99.98407407407407%
	test
	time: 	4.7558839321136475
	cross ent: 	0.1443027807355103
	accu: 		97.33333333333334%
	above 70.00%
epoch: 	43
	joint
	train
	time: 	1798.5561347007751
	cross ent: 	0.0006398930985438054
	accu: 		99.98407407407407%
	test
	time: 	4.7586987018585205
	cross ent: 	0.14430265265278625
	accu: 		97.33333333333334%
	above 70.00%
epoch: 	44
	joint
	train
	time: 	1798.587725162506
	cross ent: 	0.0006398926992916737
	accu: 		99.98407407407407%
	test
	time: 	4.762714385986328
	cross ent: 	0.14430260578207785
	accu: 		97.33333333333334%
	above 70.00%
epoch: 	45
	joint
	train
	time: 	1799.2679417133331
	cross ent: 	0.0006398932976338714
	accu: 		99.98407407407407%
	test
	time: 	4.755617380142212
	cross ent: 	0.14430277903394678
	accu: 		97.33333333333334%
	above 70.00%
	test
	time: 	4.691995143890381
	cross ent: 	0.14430277903394678
	accu: 		97.33333333333334%
	above 70.00%
epoch: 	46
	joint
	train
	time: 	1799.2138607501984
	cross ent: 	0.0006398929317209439
	accu: 		99.98407407407407%
	test
	time: 	4.740388631820679
	cross ent: 	0.1443027740151529
	accu: 		97.33333333333334%
	above 70.00%
epoch: 	47
	joint
	train
	time: 	1800.3289232254028
	cross ent: 	0.0006398933817515205
	accu: 		99.98407407407407%
	test
	time: 	4.766669273376465
	cross ent: 	0.14430277323905077
	accu: 		97.33333333333334%
	above 70.00%
epoch: 	48
	joint
	train
	time: 	1799.6948854923248
	cross ent: 	0.0006398929085090896
	accu: 		99.98407407407407%
	test
	time: 	4.760671854019165
	cross ent: 	0.14430277406689307
	accu: 		97.33333333333334%
	above 70.00%
epoch: 	49
	joint
	train
	time: 	1799.8768167495728
	cross ent: 	0.0006398927711639535
	accu: 		99.98407407407407%
	test
	time: 	4.76353120803833
	cross ent: 	0.14430265402976122
	accu: 		97.33333333333334%
	above 70.00%
