training set size: 270000
push set size: 9000
test set size: 1800
batch size: 80
start training
epoch: 	0
	warm
	train
training set size: 270000
push set size: 9000
test set size: 1800
batch size: 80
start training
epoch: 	0
	warm
	train
	time: 	1543.7832205295563
	cross ent: 	0.1998299315083358
	cluster: 	0.5141256121634333
	separation:	21.81584483298549
	avg separation:	38.176617264924225
	accu: 		92.54444444444444%
	l1: 		3000.0
	p dist pair: 	48.432334899902344
	test
	time: 	6.751984119415283
	cross ent: 	0.09463653201237321
	cluster: 	0.8360978625714779
	separation:	48.64931011199951
	avg separation:	69.96670553419325
	accu: 		96.77777777777777%
	l1: 		3000.0
	p dist pair: 	48.432334899902344
	above 70.00%
epoch: 	1
	warm
	train
	time: 	1537.6285104751587
	cross ent: 	0.14500473766166855
	cluster: 	0.9137510690026813
	separation:	47.96030049302843
	avg separation:	74.39718443354855
	accu: 		94.27740740740741%
	l1: 		3000.0
	p dist pair: 	59.83727264404297
	test
	time: 	6.742011070251465
	cross ent: 	0.1340821631407986
	cluster: 	0.5140704858220286
	separation:	45.71827909681532
	avg separation:	74.25661786397298
	accu: 		95.05555555555556%
	l1: 		3000.0
	p dist pair: 	59.83727264404297
	above 70.00%
epoch: 	2
	warm
	train
	time: 	1512.5160207748413
	cross ent: 	0.1330847790384734
	cluster: 	1.0152722968525356
	separation:	51.919298468130606
	avg separation:	82.749726147687
	accu: 		94.75592592592592%
	l1: 		3000.0
	p dist pair: 	66.45706939697266
	test
	time: 	6.668551921844482
	cross ent: 	0.11753906538554777
	cluster: 	0.6221827668034368
	separation:	50.467129945755005
	avg separation:	83.66547860039606
	accu: 		96.77777777777777%
	l1: 		3000.0
	p dist pair: 	66.45706939697266
	above 70.00%
epoch: 	3
	warm
	train
	time: 	1569.1557800769806
	cross ent: 	0.12502001816420644
	cluster: 	0.9948798075340413
	separation:	53.901539723714194
	avg separation:	88.83901847556785
	accu: 		95.17999999999999%
	l1: 		3000.0
	p dist pair: 	73.8353042602539
	test
	time: 	6.647725582122803
	cross ent: 	0.10128755256947544
	cluster: 	1.0262452659921513
	separation:	56.44079277250502
	avg separation:	94.5157093471951
	accu: 		96.38888888888889%
	l1: 		3000.0
	p dist pair: 	73.8353042602539
	above 70.00%
epoch: 	4
	warm
	train
	time: 	1517.4996149539948
	cross ent: 	0.11745461153597743
	cluster: 	0.9403719609666754
	separation:	55.40290587813766
	avg separation:	95.57742268654152
	accu: 		95.56777777777778%
	l1: 		3000.0
	p dist pair: 	80.96627044677734
	test
	time: 	6.692362070083618
	cross ent: 	0.11183432456002468
	cluster: 	0.9546440413428677
	separation:	57.426771614286636
	avg separation:	99.59942309061687
	accu: 		95.77777777777777%
	l1: 		3000.0
	p dist pair: 	80.96627044677734
	above 70.00%
epoch: 	5
	joint
	train
	time: 	1968.0953676700592
	cross ent: 	0.09539983392424915
	cluster: 	0.6595603292562343
	separation:	85.63113423778393
	avg separation:	125.75599425478335
	accu: 		96.5574074074074%
	l1: 		3000.0
	p dist pair: 	182.6293487548828
	test
	time: 	6.802908182144165
	cross ent: 	0.135909266032589
	cluster: 	1.9872359049299524
	separation:	112.79102325439453
	avg separation:	163.2223709954156
	accu: 		96.94444444444444%
	l1: 		3000.0
	p dist pair: 	182.6293487548828
	above 70.00%
epoch: 	6
	joint
	train
	time: 	1994.0247004032135
	cross ent: 	0.062044674680671756
	cluster: 	0.7427268042343634
	separation:	117.90645676450376
	avg separation:	193.00520404730904
	accu: 		97.80962962962963%
	l1: 		3000.0
	p dist pair: 	203.4855194091797
	test
	time: 	6.730133295059204
	cross ent: 	0.19073728252098793
	cluster: 	2.0107710328367023
	separation:	107.19109302096896
	avg separation:	186.31170060899524
	accu: 		93.44444444444444%
	l1: 		3000.0
	p dist pair: 	203.4855194091797
	above 70.00%
epoch: 	7
	joint
	train
	time: 	1998.9602043628693
	cross ent: 	0.04122327451383764
	cluster: 	0.5436222168472078
	separation:	122.11330575900608
	avg separation:	205.59791684299046
	accu: 		98.50962962962963%
	l1: 		3000.0
	p dist pair: 	207.8271942138672
	test
	time: 	6.869215965270996
	cross ent: 	0.10482206193652625
	cluster: 	1.7510218736198213
	separation:	121.275392320421
	avg separation:	209.11956024169922
	accu: 		97.33333333333334%
	l1: 		3000.0
	p dist pair: 	207.8271942138672
	above 70.00%
epoch: 	8
	joint
	train
	time: 	1962.180249452591
	cross ent: 	0.037974542557641315
	cluster: 	0.4364893757855451
	separation:	122.5694176703559
	avg separation:	210.38972636809171
	accu: 		98.61703703703704%
	l1: 		3000.0
	p dist pair: 	216.95433044433594
	test
	time: 	6.871912717819214
	cross ent: 	0.10013890468851766
	cluster: 	1.1658679205510352
	separation:	119.63749398125543
	avg separation:	206.1653349134657
	accu: 		97.22222222222221%
	l1: 		3000.0
	p dist pair: 	216.95433044433594
	above 70.00%
epoch: 	9
	joint
	train
	time: 	1974.9804227352142
	cross ent: 	0.012886126048483507
	cluster: 	0.20315441822122646
	separation:	125.92815830032914
	avg separation:	212.0661104103371
	accu: 		99.43074074074075%
	l1: 		3000.0
	p dist pair: 	214.64259338378906
	test
	time: 	6.728707313537598
	cross ent: 	0.07710296577230717
	cluster: 	0.9990483638313081
	separation:	121.87854300604926
	avg separation:	208.23395199245877
	accu: 		98.16666666666667%
	l1: 		3000.0
	p dist pair: 	214.64259338378906
	above 70.00%
epoch: 	10
	joint
	train
	time: 	1984.8115284442902
	cross ent: 	0.008332665682977273
	cluster: 	0.11555490096189358
	separation:	126.66654542371961
	avg separation:	211.38241210485387
	accu: 		99.66148148148149%
	l1: 		3000.0
	p dist pair: 	214.74928283691406
	test
	time: 	6.8319621086120605
	cross ent: 	0.1322149091493985
	cluster: 	1.5826246498359575
	separation:	121.63652801513672
	avg separation:	205.9135267469618
	accu: 		97.33333333333334%
	l1: 		3000.0
	p dist pair: 	214.74928283691406
	above 70.00%
	push
	Executing push ...
	push time: 	1207.165329694748
	test
	time: 	6.811136722564697
	cross ent: 	32.644783544805314
	cluster: 	0.26076031488262824
	separation:	43.13554232279632
	avg separation:	56.43681146701177
	accu: 		98.0%
	l1: 		3000.0
	p dist pair: 	1.2661223411560059
	above 70.00%
	last layer
iteration: 	0
	train
	time: 	1546.6764495372772
	cross ent: 	4.201989179922149
	cluster: 	0.005708330692741718
	separation:	46.229724430790654
	avg separation:	59.91625663248698
	accu: 		99.6237037037037%
	l1: 		2973.22021484375
	p dist pair: 	1.2661223411560059
	test
	time: 	6.711421251296997
	cross ent: 	16.602242773605717
	cluster: 	0.3724489579308339
	separation:	44.45252718182755
	avg separation:	58.16543851958381
	accu: 		98.0%
	l1: 		2973.22021484375
	p dist pair: 	1.2661223411560059
	above 70.00%
iteration: 	1
	train
	time: 	1507.6511964797974
	cross ent: 	2.7966322809679376
	cluster: 	0.00518789986849798
	separation:	46.22930407601816
	avg separation:	59.9144479788321
	accu: 		99.60333333333334%
	l1: 		2941.97021484375
	p dist pair: 	1.2661223411560059
	test
	time: 	6.841881990432739
	cross ent: 	15.282081074184841
	cluster: 	0.3312708740509357
	separation:	44.22301734923903
	avg separation:	57.81603293948703
	accu: 		97.88888888888889%
	l1: 		2941.97021484375
	p dist pair: 	1.2661223411560059
	above 70.00%
iteration: 	2
	train
	time: 	1507.822943687439
	cross ent: 	2.655834722378285
	cluster: 	0.006326872948697807
	separation:	46.22726302252875
	avg separation:	59.91354380402742
	accu: 		99.61444444444444%
	l1: 		2910.45166015625
	p dist pair: 	1.2661223411560059
	test
	time: 	6.696662425994873
	cross ent: 	14.905680073632134
	cluster: 	0.2600874151874106
	separation:	43.41844766828645
	avg separation:	56.76432400941849
	accu: 		97.88888888888889%
	l1: 		2910.45166015625
	p dist pair: 	1.2661223411560059
	above 70.00%
iteration: 	3
	train
	time: 	1509.3327395915985
	cross ent: 	2.544295335663477
	cluster: 	0.006023636901766252
	separation:	46.23595452259205
	avg separation:	59.92422836868851
	accu: 		99.61407407407408%
	l1: 		2878.633056640625
	p dist pair: 	1.2661223411560059
	test
	time: 	6.678921222686768
	cross ent: 	22.63908471001519
	cluster: 	0.37161164512882766
	separation:	44.02132937113192
	avg separation:	57.63087226947149
	accu: 		97.72222222222223%
	l1: 		2878.633056640625
	p dist pair: 	1.2661223411560059
	above 70.00%
iteration: 	4
	train
	time: 	1508.1606311798096
	cross ent: 	2.611000060327412
	cluster: 	0.0090081647644574
	separation:	46.22014634761104
	avg separation:	59.90753011745877
	accu: 		99.60555555555555%
	l1: 		2845.7294921875
	p dist pair: 	1.2661223411560059
	test
	time: 	6.962487459182739
	cross ent: 	17.028856595357258
	cluster: 	0.3947548624764568
	separation:	44.11549391428139
	avg separation:	57.776385360293915
	accu: 		98.16666666666667%
	l1: 		2845.7294921875
	p dist pair: 	1.2661223411560059
	above 70.00%
iteration: 	5
	train
	time: 	1508.5145390033722
	cross ent: 	2.3830257626206324
	cluster: 	0.00498495704115528
	separation:	46.22079430643718
	avg separation:	59.90318285341616
	accu: 		99.60740740740741%
	l1: 		2814.701904296875
	p dist pair: 	1.2661223411560059
	test
	time: 	6.74258279800415
	cross ent: 	13.229333745108711
	cluster: 	0.3904266427653964
	separation:	43.525028262664215
	avg separation:	57.07218014531665
	accu: 		98.22222222222223%
	l1: 		2814.701904296875
	p dist pair: 	1.2661223411560059
	above 70.00%
iteration: 	6
	train
	time: 	1503.0020940303802
	cross ent: 	2.403766529076193
	cluster: 	0.006304108885133044
	separation:	46.22530034383138
	avg separation:	59.911091855649595
	accu: 		99.60888888888888%
	l1: 		2781.793212890625
	p dist pair: 	1.2661223411560059
	test
	time: 	6.734421968460083
	cross ent: 	15.079470740424263
	cluster: 	0.3551139539423321
	separation:	43.39566700405286
	avg separation:	56.86344137456682
	accu: 		97.83333333333334%
	l1: 		2781.793212890625
	p dist pair: 	1.2661223411560059
	above 70.00%
iteration: 	7
	train
	time: 	1504.7092003822327
	cross ent: 	2.3653791650348475
	cluster: 	0.00619998356872761
	separation:	46.21955179511176
	avg separation:	59.90363159970884
	accu: 		99.60111111111111%
	l1: 		2748.72314453125
	p dist pair: 	1.2661223411560059
	test
	time: 	6.97256064414978
	cross ent: 	14.980542341868082
	cluster: 	0.254924689441296
	separation:	43.33450373755342
	avg separation:	56.65600559446547
	accu: 		97.83333333333334%
	l1: 		2748.72314453125
	p dist pair: 	1.2661223411560059
	above 70.00%
iteration: 	8
	train
	time: 	1505.8939564228058
	cross ent: 	2.148181710519774
	cluster: 	0.005472967335393521
	separation:	46.23620694365325
	avg separation:	59.923584364149306
	accu: 		99.62%
	l1: 		2716.76123046875
	p dist pair: 	1.2661223411560059
	test
	time: 	6.89977502822876
	cross ent: 	10.265708923339844
	cluster: 	0.3058604879294372
	separation:	44.231645257736254
	avg separation:	57.818012826972534
	accu: 		98.05555555555556%
	l1: 		2716.76123046875
	p dist pair: 	1.2661223411560059
	above 70.00%
iteration: 	9
	train
	time: 	1517.8593962192535
	cross ent: 	2.1194858318947984
	cluster: 	0.0058450339685093946
	separation:	46.22110439159252
	avg separation:	59.90524541332103
	accu: 		99.60444444444444%
	l1: 		2684.629150390625
	p dist pair: 	1.2661223411560059
	test
	time: 	6.776388168334961
	cross ent: 	13.975187222162882
	cluster: 	0.3403936650627194
	separation:	44.22153892517056
	avg separation:	57.84008812904358
	accu: 		98.0%
	l1: 		2684.629150390625
	p dist pair: 	1.2661223411560059
	above 70.00%
iteration: 	10
	train
	time: 	1506.6886084079742
	cross ent: 	2.0054803150696126
	cluster: 	0.008090748295778919
	separation:	46.24298140123155
	avg separation:	59.93570588853624
	accu: 		99.6237037037037%
	l1: 		2653.01123046875
	p dist pair: 	1.2661223411560059
	test
	time: 	6.790578365325928
	cross ent: 	11.925686305236821
	cluster: 	0.3091145831398134
	separation:	43.82462469312584
	avg separation:	57.3185396194458
	accu: 		98.16666666666667%
	l1: 		2653.01123046875
	p dist pair: 	1.2661223411560059
	above 70.00%
iteration: 	11
	train
	time: 	1500.9553184509277
	cross ent: 	1.9978506304175103
	cluster: 	0.0044995880903777475
	separation:	46.21489728517886
	avg separation:	59.89597321799949
	accu: 		99.63185185185185%
	l1: 		2618.880859375
	p dist pair: 	1.2661223411560059
	test
	time: 	6.696829080581665
	cross ent: 	12.695067001713646
	cluster: 	0.3549965380023339
	separation:	43.643308308918876
	avg separation:	57.16317046350903
	accu: 		98.16666666666667%
	l1: 		2618.880859375
	p dist pair: 	1.2661223411560059
	above 70.00%
iteration: 	12
	train
	time: 	1503.445034980774
	cross ent: 	1.8027465170640355
	cluster: 	0.007283066946678176
	separation:	46.237212269535775
	avg separation:	59.927045631691264
	accu: 		99.61777777777779%
	l1: 		2587.58544921875
	p dist pair: 	1.2661223411560059
	test
	time: 	6.647624969482422
	cross ent: 	11.218391875425974
	cluster: 	0.4020043003851346
	separation:	44.62419654421766
	avg separation:	58.40109427107705
	accu: 		98.0%
	l1: 		2587.58544921875
	p dist pair: 	1.2661223411560059
	above 70.00%
iteration: 	13
	train
	time: 	1505.2378516197205
	cross ent: 	1.8559122260390295
	cluster: 	0.008048665660127881
	separation:	46.21058383348253
	avg separation:	59.894574580439816
	accu: 		99.58703703703704%
	l1: 		2555.318115234375
	p dist pair: 	1.2661223411560059
	test
	time: 	6.832319021224976
	cross ent: 	13.453151596917046
	cluster: 	0.2846641688824987
	separation:	43.68000050861716
	avg separation:	57.126896262168884
	accu: 		97.83333333333334%
	l1: 		2555.318115234375
	p dist pair: 	1.2661223411560059
	above 70.00%
iteration: 	14
	train
	time: 	1504.0065894126892
	cross ent: 	1.7925724008918154
	cluster: 	0.007921222677405308
	separation:	46.224950720327875
	avg separation:	59.91228530883789
	accu: 		99.60481481481482%
	l1: 		2521.876953125
	p dist pair: 	1.2661223411560059
	test
	time: 	6.826104402542114
	cross ent: 	8.869123644298977
	cluster: 	0.288062282772604
	separation:	43.261889712016746
	avg separation:	56.581446217166054
	accu: 		97.94444444444444%
	l1: 		2521.876953125
	p dist pair: 	1.2661223411560059
	above 70.00%
iteration: 	15
	train
	time: 	1506.9148230552673
	cross ent: 	1.583964505265885
	cluster: 	0.007006280069467957
	separation:	46.229312301635744
	avg separation:	59.9166749685782
	accu: 		99.61925925925927%
	l1: 		2489.87939453125
	p dist pair: 	1.2661223411560059
	test
	time: 	6.955549955368042
	cross ent: 	9.629850587506107
	cluster: 	0.37933811898705333
	separation:	44.6626428604052
	avg separation:	58.41301727294922
	accu: 		97.88888888888889%
	l1: 		2489.87939453125
	p dist pair: 	1.2661223411560059
	above 70.00%
iteration: 	16
	train
	time: 	1506.8528361320496
	cross ent: 	1.5560519634629382
	cluster: 	0.006237108032602852
	separation:	46.22588489843298
	avg separation:	59.911744150797524
	accu: 		99.62185185185184%
	l1: 		2456.25634765625
	p dist pair: 	1.2661223411560059
	test
	time: 	6.68478536605835
	cross ent: 	12.12734629682705
	cluster: 	0.28187753618203004
	separation:	43.94381459129785
	avg separation:	57.42722657654021
	accu: 		97.83333333333334%
	l1: 		2456.25634765625
	p dist pair: 	1.2661223411560059
	above 70.00%
iteration: 	17
	train
	time: 	1510.4996955394745
	cross ent: 	1.507698357215602
	cluster: 	0.0064473481446451235
	separation:	46.23349829497161
	avg separation:	59.920879194471574
	accu: 		99.61444444444444%
	l1: 		2423.224365234375
	p dist pair: 	1.2661223411560059
	test
	time: 	6.713803291320801
	cross ent: 	10.778932412465414
	cluster: 	0.3622903244205118
	separation:	44.11542393578129
	avg separation:	57.74825225936042
	accu: 		97.83333333333334%
	l1: 		2423.224365234375
	p dist pair: 	1.2661223411560059
	above 70.00%
iteration: 	18
	train
	time: 	1505.2473430633545
	cross ent: 	1.3468263963784457
	cluster: 	0.006513667812013106
	separation:	46.225558927182796
	avg separation:	59.91175718971535
	accu: 		99.62185185185184%
	l1: 		2392.5322265625
	p dist pair: 	1.2661223411560059
	test
	time: 	6.77852725982666
	cross ent: 	11.208192772335476
	cluster: 	0.3608364430450103
	separation:	44.38491557650885
	avg separation:	58.05981322129568
	accu: 		97.94444444444444%
	l1: 		2392.5322265625
	p dist pair: 	1.2661223411560059
	above 70.00%
iteration: 	19
	train
	time: 	1507.1259608268738
	cross ent: 	1.3470303582945489
	cluster: 	0.007031165521860304
	separation:	46.224451595165114
	avg separation:	59.9112756946705
	accu: 		99.61703703703704%
	l1: 		2360.04736328125
	p dist pair: 	1.2661223411560059
	test
	time: 	6.810446500778198
	cross ent: 	9.684916896025335
	cluster: 	0.3987510487302607
	separation:	43.98351445515724
	avg separation:	57.631818797853256
	accu: 		98.22222222222223%
	l1: 		2360.04736328125
	p dist pair: 	1.2661223411560059
	above 70.00%
epoch: 	11
	joint
	train
	time: 	1971.3742673397064
	cross ent: 	0.17619098174333625
	cluster: 	0.15905071176408847
	separation:	58.44377018455223
	avg separation:	59.98527280680339
	accu: 		99.31444444444445%
	l1: 		2360.04736328125
	p dist pair: 	1.2976630926132202
	test
	time: 	6.789587736129761
	cross ent: 	0.2897259044032883
	cluster: 	0.23502846402859884
	separation:	57.02092698754536
	avg separation:	58.22196467055215
	accu: 		98.05555555555556%
	l1: 		2360.04736328125
	p dist pair: 	1.2976630926132202
	above 70.00%
epoch: 	12
	joint
	train
	time: 	2005.6771473884583
	cross ent: 	0.06111332970408313
	cluster: 	0.03139816737992482
	separation:	61.595386743616174
	avg separation:	62.64908800252279
	accu: 		99.62%
	l1: 		2360.04736328125
	p dist pair: 	1.414923906326294
	test
	time: 	6.947305679321289
	cross ent: 	0.37728709976282615
	cluster: 	0.3162587043803392
	separation:	59.68975256880125
	avg separation:	61.02057828505834
	accu: 		98.5%
	l1: 		2360.04736328125
	p dist pair: 	1.414923906326294
	above 70.00%
epoch: 	13
	joint
	train
	time: 	1981.4954726696014
	cross ent: 	0.05579547756377366
	cluster: 	0.038252243311040934
	separation:	63.151704512984665
	avg separation:	64.20518919994213
	accu: 		99.62962962962963%
	l1: 		2360.04736328125
	p dist pair: 	1.51405930519104
	test
	time: 	6.820359706878662
	cross ent: 	0.6434461310606517
	cluster: 	0.5210354268330977
	separation:	61.98963189125061
	avg separation:	63.49045236905416
	accu: 		97.83333333333334%
	l1: 		2360.04736328125
	p dist pair: 	1.51405930519104
	above 70.00%
epoch: 	14
	joint
	train
	time: 	1977.039001941681
	cross ent: 	0.015151624681266577
	cluster: 	0.04189770703128091
	separation:	63.60804853877315
	avg separation:	64.71959205570927
	accu: 		99.79444444444444%
	l1: 		2360.04736328125
	p dist pair: 	1.5171325206756592
	test
	time: 	6.813857078552246
	cross ent: 	0.4563599271156515
	cluster: 	0.24402939028934473
	separation:	60.31476711399026
	avg separation:	61.581983844439186
	accu: 		97.72222222222223%
	l1: 		2360.04736328125
	p dist pair: 	1.5171325206756592
	above 70.00%
epoch: 	15
	joint
	train
	time: 	1980.410434961319
	cross ent: 	0.01172734300676795
	cluster: 	0.039921135425015734
	separation:	63.65614188639323
	avg separation:	64.77168659803603
	accu: 		99.80555555555556%
	l1: 		2360.04736328125
	p dist pair: 	1.5183430910110474
	test
	time: 	6.785309076309204
	cross ent: 	0.3982084062364366
	cluster: 	0.47029542421094245
	separation:	61.43593917704291
	avg separation:	62.89337374104394
	accu: 		98.33333333333333%
	l1: 		2360.04736328125
	p dist pair: 	1.5183430910110474
	above 70.00%
epoch: 	16
	joint
	train
	time: 	1986.4556765556335
	cross ent: 	0.013916845314492915
	cluster: 	0.04154796993898021
	separation:	63.67228405535663
	avg separation:	64.7922475563332
	accu: 		99.81925925925927%
	l1: 		2360.04736328125
	p dist pair: 	1.5201756954193115
	test
	time: 	6.9194347858428955
	cross ent: 	0.49582619468371075
	cluster: 	0.4281471545626927
	separation:	61.61800118535757
	avg separation:	63.054498155911766
	accu: 		98.33333333333333%
	l1: 		2360.04736328125
	p dist pair: 	1.5201756954193115
	above 70.00%
epoch: 	17
	joint
	train
	time: 	1975.3802289962769
	cross ent: 	0.012011766018643167
	cluster: 	0.039146817164840524
	separation:	63.70729732937283
	avg separation:	64.82475868055556
	accu: 		99.82296296296296%
	l1: 		2360.04736328125
	p dist pair: 	1.5219240188598633
	test
	time: 	6.866258382797241
	cross ent: 	0.542885379658805
	cluster: 	0.6130433501934426
	separation:	61.543763765030434
	avg separation:	63.105648358662926
	accu: 		98.38888888888889%
	l1: 		2360.04736328125
	p dist pair: 	1.5219240188598633
	above 70.00%
epoch: 	18
	joint
	train
	time: 	1995.7939991950989
	cross ent: 	0.00912605008875068
	cluster: 	0.03877280911748056
	separation:	63.72653547611943
	avg separation:	64.84520881257234
	accu: 		99.83592592592593%
	l1: 		2360.04736328125
	p dist pair: 	1.5238168239593506
	test
	time: 	6.851791620254517
	cross ent: 	0.4930271221200623
	cluster: 	0.8259529807902355
	separation:	62.03791670501232
	avg separation:	63.78629208273358
	accu: 		98.16666666666667%
	l1: 		2360.04736328125
	p dist pair: 	1.5238168239593506
	above 70.00%
epoch: 	19
	joint
	train
	time: 	1992.1880128383636
	cross ent: 	0.008127546773295453
	cluster: 	0.03784098187309724
	separation:	63.738343339708116
	avg separation:	64.85859341317637
	accu: 		99.8674074074074%
	l1: 		2360.04736328125
	p dist pair: 	1.5239793062210083
	test
	time: 	6.844174385070801
	cross ent: 	0.5145639330148697
	cluster: 	0.6790614610654302
	separation:	61.48585668206215
	avg separation:	63.1217595272594
	accu: 		98.22222222222223%
	l1: 		2360.04736328125
	p dist pair: 	1.5239793062210083
	above 70.00%
epoch: 	20
	joint
	train
	time: 	1996.5444700717926
	cross ent: 	0.008354474335954737
	cluster: 	0.03874671875216343
	separation:	63.73535063114873
	avg separation:	64.85638113742405
	accu: 		99.8711111111111%
	l1: 		2360.04736328125
	p dist pair: 	1.5242664813995361
	test
	time: 	6.801446437835693
	cross ent: 	0.5149808086247908
	cluster: 	0.6862587708617665
	separation:	61.59576807005538
	avg separation:	63.27745920419693
	accu: 		97.94444444444444%
	l1: 		2360.04736328125
	p dist pair: 	1.5242664813995361
	above 70.00%
	push
	Executing push ...
	push time: 	1206.2759215831757
	test
	time: 	6.912881135940552
	cross ent: 	395.57916259765625
	cluster: 	0.606684185650924
	separation:	57.88289213392294
	avg separation:	59.74036941263411
	accu: 		50.0%
	l1: 		2360.04736328125
	p dist pair: 	1.156022548675537
	last layer
iteration: 	0
	train
	time: 	1531.1881701946259
	cross ent: 	2.6955270048404985
	cluster: 	0.0009034610498692254
	separation:	59.91969915319372
	avg separation:	61.21058825570566
	accu: 		98.90851851851852%
	l1: 		2355.12353515625
	p dist pair: 	1.156022548675537
	test
	time: 	6.939878940582275
	cross ent: 	7.579312880833943
	cluster: 	0.49823556765073185
	separation:	57.06680900573562
	avg separation:	58.81290879514482
	accu: 		97.38888888888889%
	l1: 		2355.12353515625
	p dist pair: 	1.156022548675537
	above 70.00%
iteration: 	1
	train
	time: 	1543.5076410770416
	cross ent: 	0.9547698546457644
	cluster: 	0.0024290587356868114
	separation:	59.91434735559534
	avg separation:	61.206914930555556
	accu: 		99.55851851851853%
	l1: 		2345.019287109375
	p dist pair: 	1.156022548675537
	test
	time: 	6.743635892868042
	cross ent: 	9.173880288511604
	cluster: 	0.6371063687815118
	separation:	57.839740091955164
	avg separation:	59.66171138485273
	accu: 		94.38888888888889%
	l1: 		2345.019287109375
	p dist pair: 	1.156022548675537
	above 70.00%
iteration: 	2
	train
	time: 	1513.9912793636322
	cross ent: 	0.873896484203805
	cluster: 	0.0015686249822028913
	separation:	59.90738130470559
	avg separation:	61.19869365437825
	accu: 		99.56296296296297%
	l1: 		2333.0859375
	p dist pair: 	1.156022548675537
	test
	time: 	6.789177894592285
	cross ent: 	6.227826382368802
	cluster: 	0.6300956357681807
	separation:	57.84045061746992
	avg separation:	59.68796990315119
	accu: 		96.61111111111111%
	l1: 		2333.0859375
	p dist pair: 	1.156022548675537
	above 70.00%
iteration: 	3
	train
	time: 	1511.4463827610016
	cross ent: 	0.8014147247022699
	cluster: 	0.0011359949352530141
	separation:	59.9251964179145
	avg separation:	61.216087585449216
	accu: 		99.58148148148148%
	l1: 		2320.95654296875
	p dist pair: 	1.156022548675537
	test
	time: 	6.731991529464722
	cross ent: 	6.608892329997486
	cluster: 	0.5791870241468615
	separation:	57.732843746608495
	avg separation:	59.536488208505844
	accu: 		97.0%
	l1: 		2320.95654296875
	p dist pair: 	1.156022548675537
	above 70.00%
iteration: 	4
	train
	time: 	1513.4626982212067
	cross ent: 	0.6926787122387443
	cluster: 	0.0015638235122217641
	separation:	59.91265153333876
	avg separation:	61.20417992598922
	accu: 		99.58925925925925%
	l1: 		2309.3154296875
	p dist pair: 	1.156022548675537
	test
	time: 	6.9920947551727295
	cross ent: 	3.1720827486779957
	cluster: 	0.5457839245112458
	separation:	57.62766555362153
	avg separation:	59.42383732398351
	accu: 		98.11111111111111%
	l1: 		2309.3154296875
	p dist pair: 	1.156022548675537
	above 70.00%
iteration: 	5
	train
	time: 	1514.0215454101562
	cross ent: 	0.7011993733329729
	cluster: 	0.0008637900269348864
	separation:	59.91448147696036
	avg separation:	61.20490911413122
	accu: 		99.58592592592592%
	l1: 		2296.8720703125
	p dist pair: 	1.156022548675537
	test
	time: 	6.942341566085815
	cross ent: 	4.768370220291918
	cluster: 	0.5533785300568625
	separation:	57.188832982379004
	avg separation:	58.97501249445809
	accu: 		97.33333333333334%
	l1: 		2296.8720703125
	p dist pair: 	1.156022548675537
	above 70.00%
iteration: 	6
	train
	time: 	1508.3503828048706
	cross ent: 	0.5766651288968182
	cluster: 	0.0025550582358792543
	separation:	59.91475261773004
	avg separation:	61.20748098415799
	accu: 		99.62222222222222%
	l1: 		2285.050537109375
	p dist pair: 	1.156022548675537
	test
	time: 	6.749289035797119
	cross ent: 	2.5836315539975963
	cluster: 	0.5545276019224225
	separation:	57.786727176240674
	avg separation:	59.5852805574735
	accu: 		97.94444444444444%
	l1: 		2285.050537109375
	p dist pair: 	1.156022548675537
	above 70.00%
iteration: 	7
	train
	time: 	1506.294605255127
	cross ent: 	0.5125412410548685
	cluster: 	0.001903027554879103
	separation:	59.91763548674407
	avg separation:	61.20930738434968
	accu: 		99.63333333333333%
	l1: 		2273.1123046875
	p dist pair: 	1.156022548675537
	test
	time: 	6.650712251663208
	cross ent: 	3.780997669324279
	cluster: 	0.609519118999338
	separation:	57.72226392534011
	avg separation:	59.54674316777123
	accu: 		97.16666666666667%
	l1: 		2273.1123046875
	p dist pair: 	1.156022548675537
	above 70.00%
iteration: 	8
	train
	time: 	1521.7392859458923
	cross ent: 	0.5052121710055953
	cluster: 	0.0031493749509142986
	separation:	59.914507196497034
	avg separation:	61.20730518256293
	accu: 		99.62925925925926%
	l1: 		2260.6298828125
	p dist pair: 	1.156022548675537
	test
	time: 	6.687658071517944
	cross ent: 	3.328457760689263
	cluster: 	0.6160754593115093
	separation:	58.07168207380458
	avg separation:	59.88969260123041
	accu: 		97.88888888888889%
	l1: 		2260.6298828125
	p dist pair: 	1.156022548675537
	above 70.00%
iteration: 	9
	train
	time: 	1503.8474695682526
	cross ent: 	0.4569897561502558
	cluster: 	0.0020087881521300274
	separation:	59.9217096512406
	avg separation:	61.2136009306731
	accu: 		99.65296296296296%
	l1: 		2250.245361328125
	p dist pair: 	1.156022548675537
	test
	time: 	6.839622735977173
	cross ent: 	2.65611684984631
	cluster: 	0.6727852103310094
	separation:	57.87856472015221
	avg separation:	59.793912026617264
	accu: 		97.94444444444444%
	l1: 		2250.245361328125
	p dist pair: 	1.156022548675537
	above 70.00%
iteration: 	10
	train
	time: 	1512.1826629638672
	cross ent: 	0.426111897544111
	cluster: 	0.001393228419971247
	separation:	59.90835051812066
	avg separation:	61.199496898509835
	accu: 		99.64962962962963%
	l1: 		2244.18017578125
	p dist pair: 	1.156022548675537
	test
	time: 	6.765408277511597
	cross ent: 	4.205354487730397
	cluster: 	0.59237896413762
	separation:	57.863189570107885
	avg separation:	59.66972746451696
	accu: 		97.55555555555556%
	l1: 		2244.18017578125
	p dist pair: 	1.156022548675537
	above 70.00%
iteration: 	11
	train
	time: 	1515.3593955039978
	cross ent: 	0.3619944716558175
	cluster: 	0.0014837361039783529
	separation:	59.91677192405418
	avg separation:	61.20820300519025
	accu: 		99.67407407407407%
	l1: 		2240.06201171875
	p dist pair: 	1.156022548675537
	test
	time: 	6.734259366989136
	cross ent: 	3.0957820316155753
	cluster: 	0.4793513268685072
	separation:	57.482266171771926
	avg separation:	59.212981793615555
	accu: 		98.0%
	l1: 		2240.06201171875
	p dist pair: 	1.156022548675537
	above 70.00%
iteration: 	12
	train
	time: 	1509.5668549537659
	cross ent: 	0.3325150110353081
	cluster: 	0.0024608603681963697
	separation:	59.91125650024414
	avg separation:	61.20354542937102
	accu: 		99.68592592592593%
	l1: 		2235.18359375
	p dist pair: 	1.156022548675537
	test
	time: 	6.631513833999634
	cross ent: 	4.129848762452525
	cluster: 	0.6701699473881794
	separation:	58.112197757296826
	avg separation:	59.93382348616918
	accu: 		94.11111111111111%
	l1: 		2235.18359375
	p dist pair: 	1.156022548675537
	above 70.00%
iteration: 	13
	train
	time: 	1510.0029575824738
	cross ent: 	0.3155405292673672
	cluster: 	0.001273944656374321
	separation:	59.91724570041232
	avg separation:	61.208361452455875
	accu: 		99.69074074074074%
	l1: 		2230.541015625
	p dist pair: 	1.156022548675537
	test
	time: 	6.7517359256744385
	cross ent: 	3.869545388254835
	cluster: 	0.5019918746224398
	separation:	56.76387587653258
	avg separation:	58.50110473897722
	accu: 		96.77777777777777%
	l1: 		2230.541015625
	p dist pair: 	1.156022548675537
	above 70.00%
iteration: 	14
	train
	time: 	1515.1384422779083
	cross ent: 	0.2737106586206895
	cluster: 	0.0017505770330500565
	separation:	59.91888919067383
	avg separation:	61.210537032515916
	accu: 		99.70148148148148%
	l1: 		2226.404296875
	p dist pair: 	1.156022548675537
	test
	time: 	6.678318500518799
	cross ent: 	2.7921094903843433
	cluster: 	0.7123290143957521
	separation:	58.2135356648751
	avg separation:	60.11767094333967
	accu: 		97.5%
	l1: 		2226.404296875
	p dist pair: 	1.156022548675537
	above 70.00%
iteration: 	15
	train
	time: 	1513.0702497959137
	cross ent: 	0.2328116217455721
	cluster: 	0.0011852215953382526
	separation:	59.90844808846933
	avg separation:	61.1994884801794
	accu: 		99.72333333333333%
	l1: 		2221.90576171875
	p dist pair: 	1.156022548675537
	test
	time: 	6.8697662353515625
	cross ent: 	2.732579862342937
	cluster: 	0.5812241260054157
	separation:	57.50031055874019
	avg separation:	59.31120744016435
	accu: 		97.88888888888889%
	l1: 		2221.90576171875
	p dist pair: 	1.156022548675537
	above 70.00%
iteration: 	16
	train
	time: 	1508.5370676517487
	cross ent: 	0.22200590401998638
	cluster: 	0.0013830649541535726
	separation:	59.91171489461263
	avg separation:	61.20274469446253
	accu: 		99.71962962962962%
	l1: 		2217.957763671875
	p dist pair: 	1.156022548675537
	test
	time: 	6.69853401184082
	cross ent: 	1.7813288304540846
	cluster: 	0.6066610717647968
	separation:	57.79398877461628
	avg separation:	59.644828114244675
	accu: 		98.22222222222223%
	l1: 		2217.957763671875
	p dist pair: 	1.156022548675537
	above 70.00%
iteration: 	17
	train
	time: 	1511.9781076908112
	cross ent: 	0.20547568347079476
	cluster: 	0.0008874431492737064
	separation:	59.91131458649812
	avg separation:	61.202131279839406
	accu: 		99.7325925925926%
	l1: 		2213.6171875
	p dist pair: 	1.156022548675537
	test
	time: 	6.893755197525024
	cross ent: 	2.105826830267363
	cluster: 	0.6843492544778719
	separation:	57.998430061338645
	avg separation:	59.886640866597496
	accu: 		98.0%
	l1: 		2213.6171875
	p dist pair: 	1.156022548675537
	above 70.00%
iteration: 	18
	train
	time: 	1518.9604489803314
	cross ent: 	0.19426965763177115
	cluster: 	0.002293500830628478
	separation:	59.91847476196289
	avg separation:	61.210361178927954
	accu: 		99.72666666666666%
	l1: 		2209.28662109375
	p dist pair: 	1.156022548675537
	test
	time: 	6.809985399246216
	cross ent: 	2.1056623094611697
	cluster: 	0.6342569011731535
	separation:	57.68624859279927
	avg separation:	59.52205976843834
	accu: 		97.61111111111111%
	l1: 		2209.28662109375
	p dist pair: 	1.156022548675537
	above 70.00%
iteration: 	19
	train
	time: 	1507.2441806793213
	cross ent: 	0.1860532937873839
	cluster: 	0.0015236627438194033
	separation:	59.91576821447302
	avg separation:	61.207036525019895
	accu: 		99.74814814814815%
	l1: 		2205.010498046875
	p dist pair: 	1.156022548675537
	test
	time: 	6.718809366226196
	cross ent: 	1.8118347939517763
	cluster: 	0.6029474946882366
	separation:	57.43741419897876
	avg separation:	59.26092387570275
	accu: 		98.0%
	l1: 		2205.010498046875
	p dist pair: 	1.156022548675537
	above 70.00%
epoch: 	21
	joint
	train
	time: 	1965.0276560783386
	cross ent: 	0.10845243950778229
	cluster: 	0.001788208709684787
	separation:	60.4861713019477
	avg separation:	61.20494444218388
	accu: 		99.7911111111111%
	l1: 		2205.010498046875
	p dist pair: 	1.1562916040420532
	test
	time: 	6.899539947509766
	cross ent: 	1.7149839202562969
	cluster: 	0.6086194356078162
	separation:	58.184904314675045
	avg separation:	59.37842528687583
	accu: 		97.88888888888889%
	l1: 		2205.010498046875
	p dist pair: 	1.1562916040420532
	above 70.00%
epoch: 	22
	joint
	train
	time: 	1992.842809677124
	cross ent: 	0.07618913979838163
	cluster: 	0.000898619759750242
	separation:	60.544316737422236
	avg separation:	61.19087279369213
	accu: 		99.80111111111111%
	l1: 		2205.010498046875
	p dist pair: 	1.1564207077026367
	test
	time: 	6.87628436088562
	cross ent: 	1.5964505622784297
	cluster: 	0.6400687392448768
	separation:	58.59317398070594
	avg separation:	59.77728174792396
	accu: 		97.44444444444444%
	l1: 		2205.010498046875
	p dist pair: 	1.1564207077026367
	above 70.00%
epoch: 	23
	joint
	train
	time: 	2000.4682183265686
	cross ent: 	0.051351745502151575
	cluster: 	0.0007121180083335342
	separation:	60.547776328757955
	avg separation:	61.196395164207175
	accu: 		99.81814814814814%
	l1: 		2205.010498046875
	p dist pair: 	1.1567175388336182
	test
	time: 	6.970452070236206
	cross ent: 	1.4689670763408458
	cluster: 	0.6052680915942246
	separation:	58.047322646240296
	avg separation:	59.17911758687761
	accu: 		97.16666666666667%
	l1: 		2205.010498046875
	p dist pair: 	1.1567175388336182
	above 70.00%
epoch: 	24
	joint
	train
	time: 	2003.621656179428
	cross ent: 	0.043524162746598115
	cluster: 	0.0020953680392294363
	separation:	60.53380911254883
	avg separation:	61.18659231680411
	accu: 		99.83%
	l1: 		2205.010498046875
	p dist pair: 	1.1567448377609253
	test
	time: 	7.198246002197266
	cross ent: 	1.3286283148659601
	cluster: 	0.5722173009814671
	separation:	58.21134302773872
	avg separation:	59.33672424157461
	accu: 		97.72222222222223%
	l1: 		2205.010498046875
	p dist pair: 	1.1567448377609253
	above 70.00%
epoch: 	25
	joint
	train
	time: 	1989.8413100242615
	cross ent: 	0.043221165822878896
	cluster: 	0.0012797618023167295
	separation:	60.5289560897262
	avg separation:	61.18067810397678
	accu: 		99.82148148148148%
	l1: 		2205.010498046875
	p dist pair: 	1.1567784547805786
	test
	time: 	7.012431621551514
	cross ent: 	1.1300632849665335
	cluster: 	0.5544889404967156
	separation:	58.079627520240855
	avg separation:	59.254440539413025
	accu: 		98.38888888888889%
	l1: 		2205.010498046875
	p dist pair: 	1.1567784547805786
	above 70.00%
epoch: 	26
	joint
	train
	time: 	2004.6648616790771
	cross ent: 	0.039429264864252245
	cluster: 	0.0010968041906210904
	separation:	60.525004148130066
	avg separation:	61.176898965341074
	accu: 		99.83407407407408%
	l1: 		2205.010498046875
	p dist pair: 	1.1568034887313843
	test
	time: 	6.792633771896362
	cross ent: 	1.1588901446925268
	cluster: 	0.5274190653621594
	separation:	58.02663100772236
	avg separation:	59.181701050864326
	accu: 		98.27777777777777%
	l1: 		2205.010498046875
	p dist pair: 	1.1568034887313843
	above 70.00%
epoch: 	27
	joint
	train
	time: 	1998.7553820610046
	cross ent: 	0.03494874406640342
	cluster: 	0.0011538550954902785
	separation:	60.528706685384115
	avg separation:	61.1794009930646
	accu: 		99.83777777777777%
	l1: 		2205.010498046875
	p dist pair: 	1.156771183013916
	test
	time: 	7.054018497467041
	cross ent: 	1.158867312802209
	cluster: 	0.49491812361156917
	separation:	57.54941674126471
	avg separation:	58.66732403967116
	accu: 		98.27777777777777%
	l1: 		2205.010498046875
	p dist pair: 	1.156771183013916
	above 70.00%
epoch: 	28
	joint
	train
	time: 	1994.4895646572113
	cross ent: 	0.03548700797252566
	cluster: 	0.0012368137282750536
	separation:	60.53075447591146
	avg separation:	61.18161077993887
	accu: 		99.8437037037037%
	l1: 		2205.010498046875
	p dist pair: 	1.1568049192428589
	test
	time: 	6.969460725784302
	cross ent: 	1.2131856083869934
	cluster: 	0.5417743807183165
	separation:	58.00085473802127
	avg separation:	59.14945952759849
	accu: 		98.0%
	l1: 		2205.010498046875
	p dist pair: 	1.1568049192428589
	above 70.00%
epoch: 	29
	joint
	train
	time: 	2023.6246910095215
	cross ent: 	0.036525401525895854
	cluster: 	0.0009942708517579983
	separation:	60.52385756655092
	avg separation:	61.17500903207284
	accu: 		99.84111111111112%
	l1: 		2205.010498046875
	p dist pair: 	1.1568068265914917
	test
	time: 	6.8937482833862305
	cross ent: 	1.1476035482353635
	cluster: 	0.5440294700228129
	separation:	58.017396312286365
	avg separation:	59.16299319267273
	accu: 		98.22222222222223%
	l1: 		2205.010498046875
	p dist pair: 	1.1568068265914917
	above 70.00%
epoch: 	30
	joint
	train
	time: 	2016.6708798408508
	cross ent: 	0.03385605267317434
	cluster: 	0.001122394795669674
	separation:	60.51073380081742
	avg separation:	61.16200593510381
	accu: 		99.8337037037037%
	l1: 		2205.010498046875
	p dist pair: 	1.1568059921264648
	test
	time: 	7.017684698104858
	cross ent: 	1.2692767572071817
	cluster: 	0.5311554961553813
	separation:	57.96697992536206
	avg separation:	59.094554252094696
	accu: 		98.05555555555556%
	l1: 		2205.010498046875
	p dist pair: 	1.1568059921264648
	above 70.00%
	push
	Executing push ...
	push time: 	1097.8079714775085
	test
	time: 	6.779932498931885
	cross ent: 	2.3799854839841523
	cluster: 	0.5260514685756384
	separation:	57.47323286692017
	avg separation:	59.110630551973976
	accu: 		97.05555555555556%
	l1: 		2205.010498046875
	p dist pair: 	1.1694350242614746
	above 70.00%
	last layer
iteration: 	0
	train
	time: 	1510.587661743164
	cross ent: 	0.1446783734822472
	cluster: 	0.0019579127028156547
	separation:	60.01422472296821
	avg separation:	61.19574463229709
	accu: 		99.7262962962963%
	l1: 		2202.09423828125
	p dist pair: 	1.1694350242614746
	test
	time: 	6.897387266159058
	cross ent: 	1.6331828665558608
	cluster: 	0.4799862175475735
	separation:	57.60793290879802
	avg separation:	59.21841920084424
	accu: 		98.0%
	l1: 		2202.09423828125
	p dist pair: 	1.1694350242614746
	above 70.00%
iteration: 	1
	train
	time: 	1510.5595967769623
	cross ent: 	0.135351299785741
	cluster: 	0.0011497738456576674
	separation:	60.01584564208984
	avg separation:	61.19643336995443
	accu: 		99.73444444444445%
	l1: 		2199.888671875
	p dist pair: 	1.1694350242614746
	test
	time: 	6.984833240509033
	cross ent: 	1.5002724296516843
	cluster: 	0.5404599285090322
	separation:	57.77039610968606
	avg separation:	59.44081237581041
	accu: 		97.94444444444444%
	l1: 		2199.888671875
	p dist pair: 	1.1694350242614746
	above 70.00%
iteration: 	2
	train
	time: 	1510.4893684387207
	cross ent: 	0.12022676204335547
	cluster: 	0.0016504414992862925
	separation:	60.009433787027994
	avg separation:	61.19045325498228
	accu: 		99.73407407407407%
	l1: 		2197.598388671875
	p dist pair: 	1.1694350242614746
	test
	time: 	6.987823247909546
	cross ent: 	1.3056525076097911
	cluster: 	0.4990967880269939
	separation:	57.530134824116125
	avg separation:	59.15867658456167
	accu: 		98.22222222222223%
	l1: 		2197.598388671875
	p dist pair: 	1.1694350242614746
	above 70.00%
iteration: 	3
	train
	time: 	1507.7815296649933
	cross ent: 	0.10328179834786931
	cluster: 	0.0007831575477105583
	separation:	60.01100222552264
	avg separation:	61.19094098126447
	accu: 		99.74740740740741%
	l1: 		2194.751220703125
	p dist pair: 	1.1694350242614746
	test
	time: 	7.011866331100464
	cross ent: 	1.1698222421627078
	cluster: 	0.5226690861850835
	separation:	57.46973004658988
	avg separation:	59.11983619133631
	accu: 		98.27777777777777%
	l1: 		2194.751220703125
	p dist pair: 	1.1694350242614746
	above 70.00%
iteration: 	4
	train
	time: 	1509.098790884018
	cross ent: 	0.08044423017574388
	cluster: 	0.0020521074763684604
	separation:	60.019764776159214
	avg separation:	61.20124366025571
	accu: 		99.7762962962963%
	l1: 		2192.260986328125
	p dist pair: 	1.1694350242614746
	test
	time: 	6.9712135791778564
	cross ent: 	1.0889598520265684
	cluster: 	0.4986116933784312
	separation:	57.19295603010333
	avg separation:	58.82602849933836
	accu: 		98.33333333333333%
	l1: 		2192.260986328125
	p dist pair: 	1.1694350242614746
	above 70.00%
iteration: 	5
	train
	time: 	1510.9539213180542
	cross ent: 	0.06671973483270409
	cluster: 	0.0009179234346024546
	separation:	60.005104855007595
	avg separation:	61.185341521086514
	accu: 		99.78592592592592%
	l1: 		2190.07763671875
	p dist pair: 	1.1694350242614746
	test
	time: 	6.961326360702515
	cross ent: 	1.1182932986153498
	cluster: 	0.5580265627937074
	separation:	57.516500426398125
	avg separation:	59.18123012118869
	accu: 		97.83333333333334%
	l1: 		2190.07763671875
	p dist pair: 	1.1694350242614746
	above 70.00%
iteration: 	6
	train
	time: 	1501.6753978729248
	cross ent: 	0.05685824552699389
	cluster: 	0.0005917437410190124
	separation:	60.01682665676541
	avg separation:	61.19707794076425
	accu: 		99.79666666666667%
	l1: 		2187.74169921875
	p dist pair: 	1.1694350242614746
	test
	time: 	6.899310350418091
	cross ent: 	0.9035647230015861
	cluster: 	0.5725230667170157
	separation:	57.881205334135
	avg separation:	59.536134173472725
	accu: 		98.11111111111111%
	l1: 		2187.74169921875
	p dist pair: 	1.1694350242614746
	above 70.00%
iteration: 	7
	train
	time: 	1506.7827179431915
	cross ent: 	0.055551273793536755
	cluster: 	0.0016963476866113962
	separation:	60.02007204069915
	avg separation:	61.20113154206452
	accu: 		99.78555555555556%
	l1: 		2185.64697265625
	p dist pair: 	1.1694350242614746
	test
	time: 	6.8134307861328125
	cross ent: 	1.1515978773434956
	cluster: 	0.44464776674754425
	separation:	57.392156164380644
	avg separation:	58.95981917778651
	accu: 		98.11111111111111%
	l1: 		2185.64697265625
	p dist pair: 	1.1694350242614746
	above 70.00%
iteration: 	8
	train
	time: 	1510.3097505569458
	cross ent: 	0.0476507087034657
	cluster: 	0.0018693848168078585
	separation:	60.01941153180158
	avg separation:	61.2010081221969
	accu: 		99.8111111111111%
	l1: 		2183.581787109375
	p dist pair: 	1.1694350242614746
	test
	time: 	6.829978704452515
	cross ent: 	1.3358716037538316
	cluster: 	0.41179604079176596
	separation:	56.90044249640434
	avg separation:	58.45856034755707
	accu: 		98.11111111111111%
	l1: 		2183.581787109375
	p dist pair: 	1.1694350242614746
	above 70.00%
iteration: 	9
	train
	time: 	1504.6488540172577
	cross ent: 	0.04725486811106402
	cluster: 	0.0010194922122248465
	separation:	60.01082988032588
	avg separation:	61.19116589355469
	accu: 		99.80555555555556%
	l1: 		2181.58349609375
	p dist pair: 	1.1694350242614746
	test
	time: 	6.801557302474976
	cross ent: 	0.8711780235171318
	cluster: 	0.5077841851133498
	separation:	56.73062670813436
	avg separation:	58.3309485382504
	accu: 		98.05555555555556%
	l1: 		2181.58349609375
	p dist pair: 	1.1694350242614746
	above 70.00%
iteration: 	10
	train
	time: 	1511.3697617053986
	cross ent: 	0.03759059542070328
	cluster: 	0.001395953349763726
	separation:	60.01628973049588
	avg separation:	61.197088627568
	accu: 		99.82444444444445%
	l1: 		2179.40771484375
	p dist pair: 	1.1694350242614746
	test
	time: 	6.779908180236816
	cross ent: 	1.40956821375423
	cluster: 	0.5183879033684207
	separation:	57.1440154859736
	avg separation:	58.79276982943217
	accu: 		97.88888888888889%
	l1: 		2179.40771484375
	p dist pair: 	1.1694350242614746
	above 70.00%
iteration: 	11
	train
	time: 	1510.823563337326
	cross ent: 	0.042905584357765786
	cluster: 	0.0008849813367075209
	separation:	60.017497989230684
	avg separation:	61.197839916087965
	accu: 		99.8125925925926%
	l1: 		2177.1943359375
	p dist pair: 	1.1694350242614746
	test
	time: 	6.825671672821045
	cross ent: 	0.9712523652447594
	cluster: 	0.5659679818038259
	separation:	57.338854077652314
	avg separation:	58.977552619245316
	accu: 		98.11111111111111%
	l1: 		2177.1943359375
	p dist pair: 	1.1694350242614746
	above 70.00%
iteration: 	12
	train
