training set size: 270000
push set size: 9000
test set size: 1800
batch size: 80
start training
epoch: 	0
	warm
	train
training set size: 270000
push set size: 9000
test set size: 1800
batch size: 80
start training
epoch: 	0
	warm
	train
	time: 	1415.5799248218536
	cross ent: 	0.2691632051754881
	cluster: 	0.48487223803334767
	separation:	14.859575612659807
	avg separation:	27.726759307578757
	accu: 		89.24518518518518%
	l1: 		3000.0
	p dist pair: 	40.831058502197266
	test
	time: 	5.783716678619385
	cross ent: 	0.2628685410988207
	cluster: 	1.6821971862680383
	separation:	37.2414763768514
	avg separation:	54.62484974331326
	accu: 		90.5%
	l1: 		3000.0
	p dist pair: 	40.831058502197266
	above 70.00%
epoch: 	1
	warm
	train
	time: 	1411.845426082611
	cross ent: 	0.19820399862417468
	cluster: 	0.871165087055277
	separation:	38.577257651435005
	avg separation:	61.02588525503653
	accu: 		92.01777777777778%
	l1: 		3000.0
	p dist pair: 	55.634796142578125
	test
	time: 	5.783682346343994
	cross ent: 	0.2571382666938007
	cluster: 	2.087226347790824
	separation:	42.00969303978814
	avg separation:	67.01986122131348
	accu: 		89.83333333333333%
	l1: 		3000.0
	p dist pair: 	55.634796142578125
	above 70.00%
epoch: 	2
	warm
	train
	time: 	1389.7937469482422
	cross ent: 	0.18614326561325126
	cluster: 	0.9174146062886274
	separation:	43.01541481865777
	avg separation:	69.23359428688332
	accu: 		92.59148148148148%
	l1: 		3000.0
	p dist pair: 	70.51416015625
	test
	time: 	5.9692559242248535
	cross ent: 	0.3530877934665316
	cluster: 	3.0248336088326244
	separation:	43.00388876597086
	avg separation:	75.01607259114583
	accu: 		86.27777777777777%
	l1: 		3000.0
	p dist pair: 	70.51416015625
	above 70.00%
epoch: 	3
	warm
	train
	time: 	1389.2645406723022
	cross ent: 	0.17936955179108513
	cluster: 	1.0107555247236182
	separation:	49.22955372789171
	avg separation:	78.72432368299697
	accu: 		92.7962962962963%
	l1: 		3000.0
	p dist pair: 	97.89615631103516
	test
	time: 	5.770306587219238
	cross ent: 	0.23349830290923515
	cluster: 	5.192880228161812
	separation:	62.55519994099935
	avg separation:	91.70314237806532
	accu: 		90.77777777777779%
	l1: 		3000.0
	p dist pair: 	97.89615631103516
	above 70.00%
epoch: 	4
	warm
	train
	time: 	1387.7345206737518
	cross ent: 	0.17693417846163115
	cluster: 	1.2308492725027933
	separation:	60.29698120795356
	avg separation:	94.96513833053024
	accu: 		92.79888888888888%
	l1: 		3000.0
	p dist pair: 	143.77532958984375
	test
	time: 	5.898759841918945
	cross ent: 	0.22432152047339413
	cluster: 	2.2109837606549263
	separation:	66.28283564249675
	avg separation:	104.44719102647569
	accu: 		91.22222222222223%
	l1: 		3000.0
	p dist pair: 	143.77532958984375
	above 70.00%
epoch: 	5
	joint
	train
	time: 	1766.2963569164276
	cross ent: 	0.15926659852514663
	cluster: 	1.2980681811880181
	separation:	74.59960585191514
	avg separation:	116.28707001184534
	accu: 		93.52074074074073%
	l1: 		3000.0
	p dist pair: 	166.797607421875
	test
	time: 	5.8234543800354
	cross ent: 	0.09486748927479817
	cluster: 	1.1824971073203616
	separation:	82.436216990153
	avg separation:	122.80254491170247
	accu: 		97.05555555555556%
	l1: 		3000.0
	p dist pair: 	166.797607421875
	above 70.00%
epoch: 	6
	joint
	train
	time: 	1765.9916706085205
	cross ent: 	0.08756767649783029
	cluster: 	1.203766691243207
	separation:	87.37494314688223
	avg separation:	131.47467376256873
	accu: 		96.6674074074074%
	l1: 		3000.0
	p dist pair: 	193.03814697265625
	test
	time: 	5.894033908843994
	cross ent: 	0.15739221203451356
	cluster: 	2.279394166337119
	separation:	87.80878787570529
	avg separation:	141.3036677042643
	accu: 		94.16666666666667%
	l1: 		3000.0
	p dist pair: 	193.03814697265625
	above 70.00%
epoch: 	7
	joint
	train
	time: 	1767.549611568451
	cross ent: 	0.055796961143267924
	cluster: 	1.1245526808279531
	separation:	92.17917910653574
	avg separation:	146.83369516782406
	accu: 		97.9525925925926%
	l1: 		3000.0
	p dist pair: 	211.23565673828125
	test
	time: 	5.891476392745972
	cross ent: 	0.14807601512358007
	cluster: 	2.0255761510796018
	separation:	87.95742416381836
	avg separation:	151.48278978135852
	accu: 		94.77777777777779%
	l1: 		3000.0
	p dist pair: 	211.23565673828125
	above 70.00%
epoch: 	8
	joint
	train
	time: 	1794.8401696681976
	cross ent: 	0.037265376833922885
	cluster: 	1.068993730050546
	separation:	95.11166253888166
	avg separation:	158.59006904658565
	accu: 		98.67592592592592%
	l1: 		3000.0
	p dist pair: 	230.18934631347656
	test
	time: 	6.008044958114624
	cross ent: 	0.10394209245633748
	cluster: 	2.023367699649599
	separation:	92.34536658393012
	avg separation:	164.63863372802734
	accu: 		96.72222222222221%
	l1: 		3000.0
	p dist pair: 	230.18934631347656
	above 70.00%
epoch: 	9
	joint
	train
	time: 	1819.3219385147095
	cross ent: 	0.011783448227612233
	cluster: 	0.9388412025063126
	separation:	98.30364241084347
	avg separation:	165.8763320086444
	accu: 		99.54407407407408%
	l1: 		3000.0
	p dist pair: 	225.38368225097656
	test
	time: 	5.935138463973999
	cross ent: 	0.12880306058084695
	cluster: 	2.6564712127049765
	separation:	95.17876052856445
	avg separation:	164.40445539686414
	accu: 		96.77777777777777%
	l1: 		3000.0
	p dist pair: 	225.38368225097656
	above 70.00%
epoch: 	10
	joint
	train
	time: 	1814.5555403232574
	cross ent: 	0.006917920080099807
	cluster: 	0.9365335802855315
	separation:	99.23420116735387
	avg separation:	163.92642045084636
	accu: 		99.69407407407408%
	l1: 		3000.0
	p dist pair: 	222.6194305419922
	test
	time: 	6.054219961166382
	cross ent: 	0.18931008578349268
	cluster: 	3.4300882981883154
	separation:	95.43949720594618
	avg separation:	162.58107164171008
	accu: 		96.27777777777777%
	l1: 		3000.0
	p dist pair: 	222.6194305419922
	above 70.00%
	push
	Executing push ...
	push time: 	1446.7116556167603
	test
	time: 	5.98150897026062
	cross ent: 	61.802335254020164
	cluster: 	0.2901262216479357
	separation:	6.224176855550872
	avg separation:	35.48967350853814
	accu: 		81.66666666666667%
	l1: 		3000.0
	p dist pair: 	36.7857551574707
	above 70.00%
	last layer
iteration: 	0
	train
	time: 	1399.7631611824036
	cross ent: 	16.718487943913964
	cluster: 	0.001331285278360905
	separation:	6.143636545110632
	avg separation:	36.07463595185457
	accu: 		93.93666666666667%
	l1: 		3045.9111328125
	p dist pair: 	36.7857551574707
	test
	time: 	6.0249550342559814
	cross ent: 	15.218257702059216
	cluster: 	0.282292340131322
	separation:	6.228794419103199
	avg separation:	35.504608154296875
	accu: 		95.0%
	l1: 		3045.9111328125
	p dist pair: 	36.7857551574707
	above 70.00%
iteration: 	1
	train
	time: 	1385.4914484024048
	cross ent: 	1.7896415237029086
	cluster: 	0.001071003066017936
	separation:	6.144070395999485
	avg separation:	36.07532956215187
	accu: 		99.09296296296296%
	l1: 		3065.2275390625
	p dist pair: 	36.7857551574707
	test
	time: 	5.921242952346802
	cross ent: 	15.673289093706343
	cluster: 	0.28638384293373065
	separation:	6.202917155292299
	avg separation:	35.42709732055664
	accu: 		96.33333333333334%
	l1: 		3065.2275390625
	p dist pair: 	36.7857551574707
	above 70.00%
iteration: 	2
	train
	time: 	1420.2725620269775
	cross ent: 	1.0302106642681934
	cluster: 	0.0010948394883551803
	separation:	6.1434916703965925
	avg separation:	36.07418234648528
	accu: 		99.59555555555556%
	l1: 		3024.761962890625
	p dist pair: 	36.7857551574707
	test
	time: 	5.912019491195679
	cross ent: 	15.003889844649368
	cluster: 	0.27754841500696315
	separation:	6.270867927206887
	avg separation:	35.53691832224528
	accu: 		96.38888888888889%
	l1: 		3024.761962890625
	p dist pair: 	36.7857551574707
	above 70.00%
iteration: 	3
	train
	time: 	1386.6697354316711
	cross ent: 	0.9050747046158841
	cluster: 	0.00105644383132076
	separation:	6.142501279053865
	avg separation:	36.07054355084455
	accu: 		99.66888888888889%
	l1: 		2934.7451171875
	p dist pair: 	36.7857551574707
	test
	time: 	6.0890796184539795
	cross ent: 	14.537722575167814
	cluster: 	0.27893836540704975
	separation:	6.21729754904906
	avg separation:	35.507503509521484
	accu: 		96.38888888888889%
	l1: 		2934.7451171875
	p dist pair: 	36.7857551574707
	above 70.00%
iteration: 	4
	train
	time: 	1397.6673891544342
	cross ent: 	0.9216241203266357
	cluster: 	0.0011746414022024353
	separation:	6.143820691214668
	avg separation:	36.06991519165039
	accu: 		99.68777777777777%
	l1: 		2824.08984375
	p dist pair: 	36.7857551574707
	test
	time: 	6.031071186065674
	cross ent: 	13.97082910935084
	cluster: 	0.30960235414487314
	separation:	6.289663513501485
	avg separation:	35.53711954752604
	accu: 		96.11111111111111%
	l1: 		2824.08984375
	p dist pair: 	36.7857551574707
	above 70.00%
iteration: 	5
	train
	time: 	1420.1942219734192
	cross ent: 	0.8404190522684674
	cluster: 	0.0013735725040042734
	separation:	6.142573980613991
	avg separation:	36.068405330516676
	accu: 		99.68370370370371%
	l1: 		2717.7978515625
	p dist pair: 	36.7857551574707
	test
	time: 	5.991225004196167
	cross ent: 	13.369210277684033
	cluster: 	0.271101949581205
	separation:	6.251300608118375
	avg separation:	35.53797329796685
	accu: 		96.44444444444444%
	l1: 		2717.7978515625
	p dist pair: 	36.7857551574707
	above 70.00%
iteration: 	6
	train
	time: 	1389.6652863025665
	cross ent: 	0.7682184809063092
	cluster: 	0.0016288714152982093
	separation:	6.14502086159035
	avg separation:	36.07434745223434
	accu: 		99.6937037037037%
	l1: 		2604.583984375
	p dist pair: 	36.7857551574707
	test
	time: 	5.981258869171143
	cross ent: 	14.084270127324594
	cluster: 	0.29791055839053926
	separation:	6.233689995275603
	avg separation:	35.48973168267144
	accu: 		96.33333333333334%
	l1: 		2604.583984375
	p dist pair: 	36.7857551574707
	above 70.00%
iteration: 	7
	train
	time: 	1379.0989351272583
	cross ent: 	0.7574671061372761
	cluster: 	0.001447137897004969
	separation:	6.141020153257582
	avg separation:	36.068730683503325
	accu: 		99.69037037037037%
	l1: 		2491.69921875
	p dist pair: 	36.7857551574707
	test
	time: 	5.878093481063843
	cross ent: 	12.439910435014301
	cluster: 	0.2954174646219296
	separation:	6.2508582671483355
	avg separation:	35.56074174245199
	accu: 		96.44444444444444%
	l1: 		2491.69921875
	p dist pair: 	36.7857551574707
	above 70.00%
iteration: 	8
	train
	time: 	1374.7119433879852
	cross ent: 	0.6806136479232353
	cluster: 	0.0012531129515345933
	separation:	6.142864621127093
	avg separation:	36.07170994398329
	accu: 		99.69222222222223%
	l1: 		2381.44677734375
	p dist pair: 	36.7857551574707
	test
	time: 	5.986399173736572
	cross ent: 	12.386171188619402
	cluster: 	0.3007252168679789
	separation:	6.267281610104773
	avg separation:	35.54583422342936
	accu: 		96.27777777777777%
	l1: 		2381.44677734375
	p dist pair: 	36.7857551574707
	above 70.00%
iteration: 	9
	train
	time: 	1397.4024879932404
	cross ent: 	0.6413030483899831
	cluster: 	0.00120324026689701
	separation:	6.1427682216079145
	avg separation:	36.073225204467775
	accu: 		99.69074074074074%
	l1: 		2270.43115234375
	p dist pair: 	36.7857551574707
	test
	time: 	5.957468271255493
	cross ent: 	12.166893078221214
	cluster: 	0.30007853659709366
	separation:	6.224651517139541
	avg separation:	35.4562439388699
	accu: 		96.16666666666667%
	l1: 		2270.43115234375
	p dist pair: 	36.7857551574707
	above 70.00%
iteration: 	10
	train
	time: 	1375.5434212684631
	cross ent: 	0.5769707629617618
	cluster: 	0.0014182202148760902
	separation:	6.144636056546812
	avg separation:	36.07199844529894
	accu: 		99.69888888888889%
	l1: 		2167.123046875
	p dist pair: 	36.7857551574707
	test
	time: 	6.011088609695435
	cross ent: 	11.286178651783201
	cluster: 	0.28359901557699785
	separation:	6.174967233505514
	avg separation:	35.42406103346083
	accu: 		96.33333333333334%
	l1: 		2167.123046875
	p dist pair: 	36.7857551574707
	above 70.00%
iteration: 	11
	train
	time: 	1408.089198589325
	cross ent: 	0.579224795507753
	cluster: 	0.00183472546454491
	separation:	6.144402368686817
	avg separation:	36.07245778514721
	accu: 		99.70444444444443%
	l1: 		2057.462890625
	p dist pair: 	36.7857551574707
	test
	time: 	5.87637186050415
	cross ent: 	9.666688508457607
	cluster: 	0.2952628818455499
	separation:	6.254108814729585
	avg separation:	35.473844316270615
	accu: 		96.38888888888889%
	l1: 		2057.462890625
	p dist pair: 	36.7857551574707
	above 70.00%
iteration: 	12
	train
	time: 	1405.4342482089996
	cross ent: 	0.48102253007742785
	cluster: 	0.0012004521348798023
	separation:	6.14213220306679
	avg separation:	36.07239607690882
	accu: 		99.7088888888889%
	l1: 		1977.579833984375
	p dist pair: 	36.7857551574707
	test
	time: 	5.900796890258789
	cross ent: 	10.447312018937534
	cluster: 	0.2912590527035566
	separation:	6.235264326135318
	avg separation:	35.5053513844808
	accu: 		96.33333333333334%
	l1: 		1977.579833984375
	p dist pair: 	36.7857551574707
	above 70.00%
iteration: 	13
	train
	time: 	1410.4773578643799
	cross ent: 	0.42930323238782625
	cluster: 	0.0014932107456021833
	separation:	6.141832900577121
	avg separation:	36.06925879980017
	accu: 		99.70777777777778%
	l1: 		1903.627197265625
	p dist pair: 	36.7857551574707
	test
	time: 	5.896748065948486
	cross ent: 	10.343458950519562
	cluster: 	0.33282634995579957
	separation:	6.358138937089178
	avg separation:	35.60101678636339
	accu: 		95.83333333333334%
	l1: 		1903.627197265625
	p dist pair: 	36.7857551574707
	above 70.00%
iteration: 	14
	train
	time: 	1383.9079687595367
	cross ent: 	0.3955340493986883
	cluster: 	0.0012823018095194326
	separation:	6.143107946961014
	avg separation:	36.07252104073984
	accu: 		99.71592592592593%
	l1: 		1846.5078125
	p dist pair: 	36.7857551574707
	test
	time: 	5.961479425430298
	cross ent: 	8.94728146162298
	cluster: 	0.29273805281384413
	separation:	6.23991265727414
	avg separation:	35.510231229994034
	accu: 		96.27777777777777%
	l1: 		1846.5078125
	p dist pair: 	36.7857551574707
	above 70.00%
iteration: 	15
	train
	time: 	1407.410237312317
	cross ent: 	0.3771190851216043
	cluster: 	0.001456060041954311
	separation:	6.144133683805112
	avg separation:	36.07494533623589
	accu: 		99.71037037037037%
	l1: 		1784.74267578125
	p dist pair: 	36.7857551574707
	test
	time: 	5.915342092514038
	cross ent: 	8.650006049209171
	cluster: 	0.2964074327795111
	separation:	6.25878549946679
	avg separation:	35.52731789482964
	accu: 		96.33333333333334%
	l1: 		1784.74267578125
	p dist pair: 	36.7857551574707
	above 70.00%
iteration: 	16
	train
	time: 	1403.1574892997742
	cross ent: 	0.3435270259886041
	cluster: 	0.0012831349426799857
	separation:	6.144791996002197
	avg separation:	36.07155517521611
	accu: 		99.7137037037037%
	l1: 		1726.03173828125
	p dist pair: 	36.7857551574707
	test
	time: 	6.0011045932769775
	cross ent: 	8.096597767538494
	cluster: 	0.29222891837487297
	separation:	6.239702560007572
	avg separation:	35.498080253601074
	accu: 		96.22222222222221%
	l1: 		1726.03173828125
	p dist pair: 	36.7857551574707
	above 70.00%
iteration: 	17
	train
	time: 	1397.1338889598846
	cross ent: 	0.30859644696087063
	cluster: 	0.0012203770313751058
	separation:	6.142782550811767
	avg separation:	36.07186833134404
	accu: 		99.71925925925926%
	l1: 		1674.47216796875
	p dist pair: 	36.7857551574707
	test
	time: 	5.970922231674194
	cross ent: 	8.031264225641886
	cluster: 	0.29534035333288877
	separation:	6.218973269065221
	avg separation:	35.47436385684543
	accu: 		96.22222222222221%
	l1: 		1674.47216796875
	p dist pair: 	36.7857551574707
	above 70.00%
iteration: 	18
	train
	time: 	1401.2295005321503
	cross ent: 	0.2943978720489514
	cluster: 	0.0016252373008703524
	separation:	6.143985005343402
	avg separation:	36.0723639831543
	accu: 		99.70407407407407%
	l1: 		1629.455322265625
	p dist pair: 	36.7857551574707
	test
	time: 	5.930593729019165
	cross ent: 	6.847592298046493
	cluster: 	0.26648167095768827
	separation:	6.165705598062939
	avg separation:	35.461695459153916
	accu: 		96.5%
	l1: 		1629.455322265625
	p dist pair: 	36.7857551574707
	above 70.00%
iteration: 	19
	train
	time: 	1403.4388196468353
	cross ent: 	0.2536793351233232
	cluster: 	0.0011127198860506036
	separation:	6.143162394064444
	avg separation:	36.07043467034234
	accu: 		99.71703703703703%
	l1: 		1590.307861328125
	p dist pair: 	36.7857551574707
	test
	time: 	6.143310785293579
	cross ent: 	6.522912805345324
	cluster: 	0.27650438652388076
	separation:	6.200904351141718
	avg separation:	35.48193391164144
	accu: 		96.33333333333334%
	l1: 		1590.307861328125
	p dist pair: 	36.7857551574707
	above 70.00%
epoch: 	11
	joint
	train
	time: 	1799.3807950019836
	cross ent: 	0.03521601385140656
	cluster: 	0.08017897182746048
	separation:	50.799002978713425
	avg separation:	61.22944020815249
	accu: 		99.77148148148149%
	l1: 		1590.307861328125
	p dist pair: 	36.4719352722168
	test
	time: 	5.974602699279785
	cross ent: 	0.6684378065337013
	cluster: 	1.6050838857061334
	separation:	55.56872357262505
	avg separation:	63.326677322387695
	accu: 		96.88888888888889%
	l1: 		1590.307861328125
	p dist pair: 	36.4719352722168
	above 70.00%
epoch: 	12
	joint
	train
	time: 	1819.4547593593597
	cross ent: 	0.007564495286657449
	cluster: 	0.37995877421343766
	separation:	59.65901099650065
	avg separation:	65.09408628788701
	accu: 		99.85592592592593%
	l1: 		1590.307861328125
	p dist pair: 	36.05767822265625
	test
	time: 	6.076000928878784
	cross ent: 	0.47660326460997265
	cluster: 	1.761899333861139
	separation:	59.22534052530924
	avg separation:	64.79826015896268
	accu: 		97.55555555555556%
	l1: 		1590.307861328125
	p dist pair: 	36.05767822265625
	above 70.00%
epoch: 	13
	joint
	train
	time: 	1795.3857173919678
	cross ent: 	0.005201021579466448
	cluster: 	0.5740148456626468
	separation:	62.09015329544633
	avg separation:	66.07610764114945
	accu: 		99.85740740740741%
	l1: 		1590.307861328125
	p dist pair: 	35.43671417236328
	test
	time: 	6.042518854141235
	cross ent: 	0.5846142145329041
	cluster: 	2.680962449974484
	separation:	60.98809602525499
	avg separation:	65.3161989847819
	accu: 		96.55555555555554%
	l1: 		1590.307861328125
	p dist pair: 	35.43671417236328
	above 70.00%
epoch: 	14
	joint
	train
	time: 	1792.257446527481
	cross ent: 	0.0028383319642068883
	cluster: 	0.5848171059290568
	separation:	63.3304428857874
	avg separation:	65.98556274640119
	accu: 		99.89851851851851%
	l1: 		1590.307861328125
	p dist pair: 	35.51237487792969
	test
	time: 	5.940515756607056
	cross ent: 	0.5499508770638042
	cluster: 	2.3419078406360416
	separation:	61.39387236701118
	avg separation:	65.12428983052571
	accu: 		96.83333333333334%
	l1: 		1590.307861328125
	p dist pair: 	35.51237487792969
	above 70.00%
epoch: 	15
	joint
	train
	time: 	1796.0183346271515
	cross ent: 	0.002327399937979807
	cluster: 	0.6086017197679591
	separation:	63.60134700294777
	avg separation:	66.00968143830475
	accu: 		99.91962962962963%
	l1: 		1590.307861328125
	p dist pair: 	35.523380279541016
	test
	time: 	6.058025121688843
	cross ent: 	0.4999503493309021
	cluster: 	2.1569633185863495
	separation:	61.38176345825195
	avg separation:	64.84768570794
	accu: 		97.0%
	l1: 		1590.307861328125
	p dist pair: 	35.523380279541016
	above 70.00%
epoch: 	16
	joint
	train
	time: 	1811.4479086399078
	cross ent: 	0.0022132423817423836
	cluster: 	0.5206246490478516
	separation:	63.72796547331633
	avg separation:	65.69355853158456
	accu: 		99.91888888888889%
	l1: 		1590.307861328125
	p dist pair: 	35.5832633972168
	test
	time: 	5.940900564193726
	cross ent: 	0.4711785895956887
	cluster: 	2.035533050696055
	separation:	61.94569778442383
	avg separation:	64.93812010023329
	accu: 		97.22222222222221%
	l1: 		1590.307861328125
	p dist pair: 	35.5832633972168
	above 70.00%
epoch: 	17
	joint
	train
	time: 	1799.3539154529572
	cross ent: 	0.0022040008070214976
	cluster: 	0.5723099700609843
	separation:	64.33564532922816
	avg separation:	65.9732799580892
	accu: 		99.92518518518519%
	l1: 		1590.307861328125
	p dist pair: 	35.684288024902344
	test
	time: 	6.053581714630127
	cross ent: 	0.5293204914530114
	cluster: 	2.349666858712832
	separation:	62.3981556362576
	avg separation:	65.21748246086969
	accu: 		96.94444444444444%
	l1: 		1590.307861328125
	p dist pair: 	35.684288024902344
	above 70.00%
epoch: 	18
	joint
	train
	time: 	1816.5580821037292
	cross ent: 	0.0016608893873169357
	cluster: 	0.6063682820002237
	separation:	64.72203449616609
	avg separation:	66.17392551337348
	accu: 		99.9374074074074%
	l1: 		1590.307861328125
	p dist pair: 	35.78947067260742
	test
	time: 	6.0491180419921875
	cross ent: 	0.5359073590901162
	cluster: 	2.6070036970906787
	separation:	62.68435584174262
	avg separation:	65.44477992587619
	accu: 		96.94444444444444%
	l1: 		1590.307861328125
	p dist pair: 	35.78947067260742
	above 70.00%
epoch: 	19
	joint
	train
	time: 	1803.1114709377289
	cross ent: 	0.0016972062624435627
	cluster: 	0.6203809848361546
	separation:	64.87303415708189
	avg separation:	66.2477116631402
	accu: 		99.94592592592593%
	l1: 		1590.307861328125
	p dist pair: 	35.794776916503906
	test
	time: 	6.080207824707031
	cross ent: 	0.5094751103056802
	cluster: 	2.465878337621689
	separation:	62.81666819254557
	avg separation:	65.44437514411078
	accu: 		97.05555555555556%
	l1: 		1590.307861328125
	p dist pair: 	35.794776916503906
	above 70.00%
epoch: 	20
	joint
	train
	time: 	1826.4673042297363
	cross ent: 	0.0017994863638593633
	cluster: 	0.6235166863158897
	separation:	64.90840448111075
	avg separation:	66.2534757204409
	accu: 		99.94333333333333%
	l1: 		1590.307861328125
	p dist pair: 	35.79897689819336
	test
	time: 	5.938028573989868
	cross ent: 	0.5082846639884843
	cluster: 	2.390581789943907
	separation:	62.792519675360786
	avg separation:	65.42042668660481
	accu: 		97.05555555555556%
	l1: 		1590.307861328125
	p dist pair: 	35.79897689819336
	above 70.00%
	push
	Executing push ...
	push time: 	1477.0358068943024
	test
	time: 	6.070832014083862
	cross ent: 	33.83099500338236
	cluster: 	1.1039527741065929
	separation:	32.921916181066386
	avg separation:	40.5255454381307
	accu: 		96.77777777777777%
	l1: 		1590.307861328125
	p dist pair: 	35.454593658447266
	above 70.00%
	last layer
iteration: 	0
	train
	time: 	1388.7791063785553
	cross ent: 	1.7070703906576943
	cluster: 	0.0010944908715161243
	separation:	33.81337499039262
	avg separation:	41.24292712684914
	accu: 		99.8474074074074%
	l1: 		1507.935791015625
	p dist pair: 	35.454593658447266
	test
	time: 	6.150253057479858
	cross ent: 	16.17859212557475
	cluster: 	0.856175875902156
	separation:	32.758280126714254
	avg separation:	40.28618415196737
	accu: 		96.77777777777777%
	l1: 		1507.935791015625
	p dist pair: 	35.454593658447266
	above 70.00%
iteration: 	1
	train
