training set size: 270000
push set size: 9000
test set size: 1800
batch size: 80
start training
epoch: 	0
	warm
	train
training set size: 270000
push set size: 9000
test set size: 1800
batch size: 80
start training
epoch: 	0
	warm
	train
	time: 	267.03412985801697
	cross ent: 	0.11643495182320475
	cluster: 	0.36110341303436844
	separation:	21.684362172329866
	avg separation:	41.71781483374701
	accu: 		95.50444444444445%
	l1: 		3000.0
	p dist pair: 	64.40104675292969
	test
	time: 	2.5349674224853516
	cross ent: 	0.15519725857302547
	cluster: 	0.9220790788531303
	separation:	44.5713325076633
	avg separation:	75.3580084906684
	accu: 		93.83333333333333%
	l1: 		3000.0
	p dist pair: 	64.40104675292969
	above 70.00%
epoch: 	1
	warm
	train
	time: 	258.49148201942444
	cross ent: 	0.08253734319174179
	cluster: 	0.640243415042206
	separation:	45.75706666677969
	avg separation:	79.22505485252098
	accu: 		96.87037037037037%
	l1: 		3000.0
	p dist pair: 	81.42707824707031
	test
	time: 	2.059774398803711
	cross ent: 	0.16280810446995828
	cluster: 	1.7663909854988258
	separation:	48.44942100842794
	avg separation:	84.11740112304688
	accu: 		94.5%
	l1: 		3000.0
	p dist pair: 	81.42707824707031
	above 70.00%
epoch: 	2
	warm
	train
	time: 	256.9715642929077
	cross ent: 	0.07152825598101373
	cluster: 	0.7262684606975979
	separation:	52.470095083731195
	avg separation:	88.61939028139467
	accu: 		97.27814814814815%
	l1: 		3000.0
	p dist pair: 	104.86331176757812
	test
	time: 	2.0677645206451416
	cross ent: 	0.17123587765834397
	cluster: 	1.8440305156012375
	separation:	54.468539767795136
	avg separation:	94.36436377631293
	accu: 		93.94444444444444%
	l1: 		3000.0
	p dist pair: 	104.86331176757812
	above 70.00%
epoch: 	3
	warm
	train
	time: 	258.47390389442444
	cross ent: 	0.06449875178864156
	cluster: 	0.7833703026241726
	separation:	56.767014460810906
	avg separation:	95.81324318214699
	accu: 		97.5625925925926%
	l1: 		3000.0
	p dist pair: 	125.10108184814453
	test
	time: 	2.104323387145996
	cross ent: 	0.1580472135812872
	cluster: 	2.3019733246829777
	separation:	59.91069104936388
	avg separation:	98.57842042711046
	accu: 		94.88888888888889%
	l1: 		3000.0
	p dist pair: 	125.10108184814453
	above 70.00%
epoch: 	4
	warm
	train
	time: 	258.25219678878784
	cross ent: 	0.060191692503238164
	cluster: 	0.8804645514929736
	separation:	64.34268385371456
	avg separation:	96.44690436243128
	accu: 		97.69444444444444%
	l1: 		3000.0
	p dist pair: 	149.83663940429688
	test
	time: 	2.0766589641571045
	cross ent: 	0.13760830155418566
	cluster: 	2.425101824932628
	separation:	68.87313069237604
	avg separation:	98.36157608032227
	accu: 		95.44444444444444%
	l1: 		3000.0
	p dist pair: 	149.83663940429688
	above 70.00%
epoch: 	5
	joint
	train
	time: 	474.83651185035706
	cross ent: 	0.21240148047678586
	cluster: 	0.07183502966213834
	separation:	0.25445158962015474
	avg separation:	85.89534966362847
	accu: 		90.59%
	l1: 		3000.0
	p dist pair: 	138.92074584960938
	test
	time: 	2.092334747314453
	cross ent: 	0.2272644567872501
	cluster: 	0.02458109934296873
	separation:	0.0324119393610292
	avg separation:	76.52439795600043
	accu: 		92.66666666666666%
	l1: 		3000.0
	p dist pair: 	138.92074584960938
	above 70.00%
epoch: 	6
	joint
	train
	time: 	476.08871054649353
	cross ent: 	0.04519261984149408
	cluster: 	0.011459456657990813
	separation:	0.029677118420531903
	avg separation:	76.23643434651693
	accu: 		98.40703703703704%
	l1: 		3000.0
	p dist pair: 	132.89205932617188
	test
	time: 	2.0545458793640137
	cross ent: 	0.2463692548117251
	cluster: 	0.006845800516506036
	separation:	0.006863420130684972
	avg separation:	75.88832113477919
	accu: 		94.38888888888889%
	l1: 		3000.0
	p dist pair: 	132.89205932617188
	above 70.00%
epoch: 	7
	joint
	train
	time: 	475.84628891944885
	cross ent: 	0.025391329478761354
	cluster: 	0.006930351636993388
	separation:	0.007053445752572131
	avg separation:	75.58911748363353
	accu: 		99.14259259259259%
	l1: 		3000.0
	p dist pair: 	129.52517700195312
	test
	time: 	2.0570735931396484
	cross ent: 	0.16480200434954087
	cluster: 	0.003664504025234944
	separation:	0.003937021764512692
	avg separation:	74.08189476860895
	accu: 		96.33333333333334%
	l1: 		3000.0
	p dist pair: 	129.52517700195312
	above 70.00%
epoch: 	8
	joint
	train
	time: 	475.2841875553131
	cross ent: 	0.07738902715371956
	cluster: 	0.2026855682434376
	separation:	9.39128029495088
	avg separation:	78.10868208369503
	accu: 		97.2688888888889%
	l1: 		3000.0
	p dist pair: 	152.95230102539062
	test
	time: 	2.06677508354187
	cross ent: 	0.18637201831572586
	cluster: 	1.5647626779973507
	separation:	60.13857947455512
	avg separation:	103.8775986565484
	accu: 		94.16666666666667%
	l1: 		3000.0
	p dist pair: 	152.95230102539062
	above 70.00%
epoch: 	9
	joint
	train
	time: 	474.32573318481445
	cross ent: 	0.05074554992246407
	cluster: 	0.5820583635921831
	separation:	76.1854870820222
	avg separation:	107.25119103325738
	accu: 		98.35814814814815%
	l1: 		3000.0
	p dist pair: 	159.73165893554688
	test
	time: 	2.0636813640594482
	cross ent: 	0.15619812732458943
	cluster: 	2.450002051062054
	separation:	75.8231315612793
	avg separation:	109.46334160698785
	accu: 		95.44444444444444%
	l1: 		3000.0
	p dist pair: 	159.73165893554688
	above 70.00%
epoch: 	10
	joint
	train
	time: 	475.15445828437805
	cross ent: 	0.032390550659900465
	cluster: 	0.5346575430410879
	separation:	82.53771358913845
	avg separation:	114.23655047607421
	accu: 		98.86148148148149%
	l1: 		3000.0
	p dist pair: 	167.81422424316406
	test
	time: 	2.068917751312256
	cross ent: 	0.1650475195557293
	cluster: 	1.8590411345163982
	separation:	76.9893798828125
	avg separation:	117.05374823676215
	accu: 		95.22222222222221%
	l1: 		3000.0
	p dist pair: 	167.81422424316406
	above 70.00%
	push
	Executing push ...
	push time: 	1271.2402698993683
	test
	time: 	2.0836920738220215
	cross ent: 	22.070821523666343
	cluster: 	0.13004612657500225
	separation:	4.242913311835663
	avg separation:	30.879499435424805
	accu: 		95.05555555555556%
	l1: 		3000.0
	p dist pair: 	21.09042739868164
	above 70.00%
	last layer
iteration: 	0
	train
	time: 	245.41091537475586
	cross ent: 	5.681289157128416
	cluster: 	0.016601325386919562
	separation:	4.438356704076131
	avg separation:	32.07508693892868
	accu: 		98.62407407407407%
	l1: 		2924.831787109375
	p dist pair: 	21.09042739868164
	test
	time: 	2.112589120864868
	cross ent: 	13.708489716053009
	cluster: 	0.13004612657500225
	separation:	4.242913311835663
	avg separation:	30.879499435424805
	accu: 		94.83333333333334%
	l1: 		2924.831787109375
	p dist pair: 	21.09042739868164
	above 70.00%
iteration: 	1
	train
	time: 	246.0573010444641
	cross ent: 	2.8463911188551805
	cluster: 	0.016601325392908487
	separation:	4.438356701886212
	avg separation:	32.075086987530746
	accu: 		98.76%
	l1: 		2811.477783203125
	p dist pair: 	21.09042739868164
	test
	time: 	2.09475040435791
	cross ent: 	6.8311819897757635
	cluster: 	0.13004612657500225
	separation:	4.242913311835663
	avg separation:	30.879499435424805
	accu: 		94.66666666666667%
	l1: 		2811.477783203125
	p dist pair: 	21.09042739868164
	above 70.00%
iteration: 	2
	train
	time: 	246.1111388206482
	cross ent: 	1.290041972402613
	cluster: 	0.016601325401419738
	separation:	4.438356708738539
	avg separation:	32.07508694005895
	accu: 		98.90074074074074%
	l1: 		2678.935546875
	p dist pair: 	21.09042739868164
	test
	time: 	2.116584300994873
	cross ent: 	4.844589421484189
	cluster: 	0.13004612657500225
	separation:	4.242913311835663
	avg separation:	30.879499435424805
	accu: 		95.22222222222221%
	l1: 		2678.935546875
	p dist pair: 	21.09042739868164
	above 70.00%
iteration: 	3
	train
	time: 	246.9836835861206
	cross ent: 	0.9802088780844379
	cluster: 	0.01660132538798024
	separation:	4.438356703440348
	avg separation:	32.07508694966634
	accu: 		98.90851851851852%
	l1: 		2560.472900390625
	p dist pair: 	21.09042739868164
	test
	time: 	2.123981475830078
	cross ent: 	4.236713807615969
	cluster: 	0.13004612657500225
	separation:	4.242913311835663
	avg separation:	30.879499435424805
	accu: 		94.88888888888889%
	l1: 		2560.472900390625
	p dist pair: 	21.09042739868164
	above 70.00%
iteration: 	4
	train
	time: 	247.06590127944946
	cross ent: 	0.8221196319578172
	cluster: 	0.016601325397056322
	separation:	4.438356701674285
	avg separation:	32.0750869462755
	accu: 		98.89592592592592%
	l1: 		2434.927001953125
	p dist pair: 	21.09042739868164
	test
	time: 	2.0870883464813232
	cross ent: 	3.599865870343314
	cluster: 	0.13004612657500225
	separation:	4.242913311835663
	avg separation:	30.879499435424805
	accu: 		95.05555555555556%
	l1: 		2434.927001953125
	p dist pair: 	21.09042739868164
	above 70.00%
iteration: 	5
	train
	time: 	247.68513011932373
	cross ent: 	0.6936842506438289
	cluster: 	0.01660132539885429
	separation:	4.438356712553237
	avg separation:	32.07508689710829
	accu: 		98.88666666666667%
	l1: 		2299.9248046875
	p dist pair: 	21.09042739868164
	test
	time: 	2.0990560054779053
	cross ent: 	3.054294377565384
	cluster: 	0.13004612657500225
	separation:	4.242913311835663
	avg separation:	30.879499435424805
	accu: 		95.16666666666667%
	l1: 		2299.9248046875
	p dist pair: 	21.09042739868164
	above 70.00%
iteration: 	6
	train
	time: 	247.77458548545837
	cross ent: 	0.5901319106540822
	cluster: 	0.01660132541773513
	separation:	4.438356705488982
	avg separation:	32.07508692197447
	accu: 		98.87555555555556%
	l1: 		2164.3427734375
	p dist pair: 	21.09042739868164
	test
	time: 	2.1351373195648193
	cross ent: 	2.583092682891422
	cluster: 	0.13004612657500225
	separation:	4.242913311835663
	avg separation:	30.879499435424805
	accu: 		95.11111111111111%
	l1: 		2164.3427734375
	p dist pair: 	21.09042739868164
	above 70.00%
iteration: 	7
	train
	time: 	246.64677357673645
	cross ent: 	0.5031001996034304
	cluster: 	0.016601325394969467
	separation:	4.4383567035109905
	avg separation:	32.07508693214699
	accu: 		98.86666666666667%
	l1: 		2023.44970703125
	p dist pair: 	21.09042739868164
	test
	time: 	2.14182186126709
	cross ent: 	2.125003010034561
	cluster: 	0.13004612657500225
	separation:	4.242913311835663
	avg separation:	30.879499435424805
	accu: 		95.27777777777777%
	l1: 		2023.44970703125
	p dist pair: 	21.09042739868164
	above 70.00%
iteration: 	8
	train
	time: 	246.16677021980286
	cross ent: 	0.4303176531064423
	cluster: 	0.01660132539838432
	separation:	4.438356708244041
	avg separation:	32.07508696492513
	accu: 		98.8537037037037%
	l1: 		1928.5830078125
	p dist pair: 	21.09042739868164
	test
	time: 	2.090909719467163
	cross ent: 	1.7737047175566356
	cluster: 	0.13004612657500225
	separation:	4.242913311835663
	avg separation:	30.879499435424805
	accu: 		95.22222222222221%
	l1: 		1928.5830078125
	p dist pair: 	21.09042739868164
	above 70.00%
iteration: 	9
	train
	time: 	246.71683144569397
	cross ent: 	0.36940948689811787
	cluster: 	0.016601325398996575
	separation:	4.438356705488982
	avg separation:	32.07508694740578
	accu: 		98.83999999999999%
	l1: 		1850.6845703125
	p dist pair: 	21.09042739868164
	test
	time: 	2.0856127738952637
	cross ent: 	1.4634481660193868
	cluster: 	0.13004612657500225
	separation:	4.242913311835663
	avg separation:	30.879499435424805
	accu: 		95.22222222222221%
	l1: 		1850.6845703125
	p dist pair: 	21.09042739868164
	above 70.00%
iteration: 	10
	train
	time: 	247.14933514595032
	cross ent: 	0.31346789997162705
	cluster: 	0.01660132538562175
	separation:	4.438356707678901
	avg separation:	32.07508693327727
	accu: 		98.8274074074074%
	l1: 		1772.256103515625
	p dist pair: 	21.09042739868164
	test
	time: 	2.102240562438965
	cross ent: 	1.1792844873004489
	cluster: 	0.13004612657500225
	separation:	4.242913311835663
	avg separation:	30.879499435424805
	accu: 		95.38888888888889%
	l1: 		1772.256103515625
	p dist pair: 	21.09042739868164
	above 70.00%
iteration: 	11
	train
	time: 	246.9019854068756
	cross ent: 	0.2681573682693829
	cluster: 	0.01660132537894727
	separation:	4.438356709162394
	avg separation:	32.075086920844186
	accu: 		98.82925925925926%
	l1: 		1716.263916015625
	p dist pair: 	21.09042739868164
	test
	time: 	2.1009609699249268
	cross ent: 	0.9727459556402288
	cluster: 	0.13004612657500225
	separation:	4.242913311835663
	avg separation:	30.879499435424805
	accu: 		95.55555555555556%
	l1: 		1716.263916015625
	p dist pair: 	21.09042739868164
	above 70.00%
iteration: 	12
	train
	time: 	246.49838185310364
	cross ent: 	0.23234492905162887
	cluster: 	0.01660132540232519
	separation:	4.438356703652276
	avg separation:	32.07508691349736
	accu: 		98.82407407407408%
	l1: 		1683.775390625
	p dist pair: 	21.09042739868164
	test
	time: 	2.130138635635376
	cross ent: 	0.8399402093445411
	cluster: 	0.13004612657500225
	separation:	4.242913311835663
	avg separation:	30.879499435424805
	accu: 		95.55555555555556%
	l1: 		1683.775390625
	p dist pair: 	21.09042739868164
	above 70.00%
iteration: 	13
	train
	time: 	247.4055585861206
	cross ent: 	0.20704607053276197
	cluster: 	0.01660132540598365
	separation:	4.438356706619262
	avg separation:	32.07508693553783
	accu: 		98.80148148148147%
	l1: 		1653.5272216796875
	p dist pair: 	21.09042739868164
	test
	time: 	2.0883841514587402
	cross ent: 	0.7566297831542923
	cluster: 	0.13004612657500225
	separation:	4.242913311835663
	avg separation:	30.879499435424805
	accu: 		95.83333333333334%
	l1: 		1653.5272216796875
	p dist pair: 	21.09042739868164
	above 70.00%
iteration: 	14
	train
	time: 	247.35467171669006
	cross ent: 	0.1859909934335515
	cluster: 	0.016601325401592208
	separation:	4.438356708738539
	avg separation:	32.075086925365305
	accu: 		98.81185185185186%
	l1: 		1622.397705078125
	p dist pair: 	21.09042739868164
	test
	time: 	2.121243953704834
	cross ent: 	0.6901238227498349
	cluster: 	0.13004612657500225
	separation:	4.242913311835663
	avg separation:	30.879499435424805
	accu: 		95.5%
	l1: 		1622.397705078125
	p dist pair: 	21.09042739868164
	above 70.00%
iteration: 	15
	train
	time: 	245.6895456314087
	cross ent: 	0.16808739312886886
	cluster: 	0.01660132540922819
	separation:	4.438356706831191
	avg separation:	32.07508693158185
	accu: 		98.81185185185186%
	l1: 		1590.834228515625
	p dist pair: 	21.09042739868164
	test
	time: 	2.1069600582122803
	cross ent: 	0.6257791402579945
	cluster: 	0.13004612657500225
	separation:	4.242913311835663
	avg separation:	30.879499435424805
	accu: 		95.72222222222221%
	l1: 		1590.834228515625
	p dist pair: 	21.09042739868164
	above 70.00%
iteration: 	16
	train
	time: 	247.25682091712952
	cross ent: 	0.15296196318593422
	cluster: 	0.01660132541252231
	separation:	4.438356704641271
	avg separation:	32.07508697735822
	accu: 		98.79962962962962%
	l1: 		1558.542236328125
	p dist pair: 	21.09042739868164
	test
	time: 	2.131732225418091
	cross ent: 	0.5662957895579489
	cluster: 	0.13004612657500225
	separation:	4.242913311835663
	avg separation:	30.879499435424805
	accu: 		95.83333333333334%
	l1: 		1558.542236328125
	p dist pair: 	21.09042739868164
	above 70.00%
iteration: 	17
	train
	time: 	247.6348021030426
	cross ent: 	0.14055086091625735
	cluster: 	0.016601325398701225
	separation:	4.438356707325688
	avg separation:	32.07508692310475
	accu: 		98.8%
	l1: 		1526.057861328125
	p dist pair: 	21.09042739868164
	test
	time: 	2.107982635498047
	cross ent: 	0.5280566862493288
	cluster: 	0.13004612657500225
	separation:	4.242913311835663
	avg separation:	30.879499435424805
	accu: 		95.88888888888889%
	l1: 		1526.057861328125
	p dist pair: 	21.09042739868164
	above 70.00%
iteration: 	18
	train
	time: 	246.62269616127014
	cross ent: 	0.13018597931790604
	cluster: 	0.01660132540317459
	separation:	4.438356704217417
	avg separation:	32.075086955317744
	accu: 		98.80185185185185%
	l1: 		1491.691162109375
	p dist pair: 	21.09042739868164
	test
	time: 	2.106110095977783
	cross ent: 	0.5097317887735294
	cluster: 	0.13004612657500225
	separation:	4.242913311835663
	avg separation:	30.879499435424805
	accu: 		95.61111111111111%
	l1: 		1491.691162109375
	p dist pair: 	21.09042739868164
	above 70.00%
iteration: 	19
	train
	time: 	247.11382484436035
	cross ent: 	0.12263189878275066
	cluster: 	0.016601325383539207
	separation:	4.43835670181557
	avg separation:	32.0750869491012
	accu: 		98.81185185185186%
	l1: 		1459.568359375
	p dist pair: 	21.09042739868164
	test
	time: 	2.1013166904449463
	cross ent: 	0.47402005274003994
	cluster: 	0.13004612657500225
	separation:	4.242913311835663
	avg separation:	30.879499435424805
	accu: 		95.83333333333334%
	l1: 		1459.568359375
	p dist pair: 	21.09042739868164
	above 70.00%
epoch: 	11
	joint
	train
	time: 	475.0649764537811
	cross ent: 	0.033827710971322464
	cluster: 	0.07348190453264397
	separation:	20.928898305115876
	avg separation:	37.883390879313154
	accu: 		99.07074074074073%
	l1: 		1459.568359375
	p dist pair: 	20.931377410888672
	test
	time: 	2.116472005844116
	cross ent: 	0.16288930259179324
	cluster: 	0.6887275732426335
	separation:	26.38728467788961
	avg separation:	41.70560566584269
	accu: 		95.83333333333334%
	l1: 		1459.568359375
	p dist pair: 	20.931377410888672
	above 70.00%
epoch: 	12
	joint
	train
	time: 	475.064466714859
	cross ent: 	0.025102110775834362
	cluster: 	0.07781260267180969
	separation:	31.11802527364095
	avg separation:	44.7661241635923
	accu: 		99.24148148148149%
	l1: 		1459.568359375
	p dist pair: 	20.869548797607422
	test
	time: 	2.1004297733306885
	cross ent: 	0.15889167373340266
	cluster: 	0.5412148187929738
	separation:	35.34520652559068
	avg separation:	44.775013817681206
	accu: 		96.33333333333334%
	l1: 		1459.568359375
	p dist pair: 	20.869548797607422
	above 70.00%
epoch: 	13
	joint
	train
	time: 	475.65843296051025
	cross ent: 	0.02451176349664207
	cluster: 	0.050046646904640106
	separation:	41.58438781568739
	avg separation:	48.11355680677626
	accu: 		99.29370370370371%
	l1: 		1459.568359375
	p dist pair: 	22.06275177001953
	test
	time: 	2.109675645828247
	cross ent: 	0.42200709965080324
	cluster: 	1.6013541037229717
	separation:	43.01484404669868
	avg separation:	49.733690685696075
	accu: 		95.38888888888889%
	l1: 		1459.568359375
	p dist pair: 	22.06275177001953
	above 70.00%
epoch: 	14
	joint
	train
	time: 	475.2837874889374
	cross ent: 	0.018993266245221144
	cluster: 	0.031326424238388426
	separation:	46.020122412222406
	avg separation:	51.10864996450918
	accu: 		99.52037037037037%
	l1: 		1459.568359375
	p dist pair: 	22.28627586364746
	test
	time: 	2.105858325958252
	cross ent: 	0.3591081630825733
	cluster: 	1.6040196021680861
	separation:	44.95360358556112
	avg separation:	50.82132222917345
	accu: 		96.33333333333334%
	l1: 		1459.568359375
	p dist pair: 	22.28627586364746
	above 70.00%
epoch: 	15
	joint
	train
	time: 	475.48000741004944
	cross ent: 	0.016742485823439034
	cluster: 	0.030328185726422815
	separation:	47.01511788149233
	avg separation:	51.89777957831489
	accu: 		99.60148148148149%
	l1: 		1459.568359375
	p dist pair: 	22.553844451904297
	test
	time: 	2.087944746017456
	cross ent: 	0.3759291276207186
	cluster: 	1.63770731998597
	separation:	45.69197411007352
	avg separation:	51.52658769819472
	accu: 		96.44444444444444%
	l1: 		1459.568359375
	p dist pair: 	22.553844451904297
	above 70.00%
epoch: 	16
	joint
	train
	time: 	475.7729654312134
	cross ent: 	0.015678976386589327
	cluster: 	0.02688758780378622
	separation:	47.86935499855324
	avg separation:	52.63129569837782
	accu: 		99.63888888888889%
	l1: 		1459.568359375
	p dist pair: 	22.89776611328125
	test
	time: 	2.131098508834839
	cross ent: 	0.47589361408299485
	cluster: 	2.3686668259997026
	separation:	46.6595213148329
	avg separation:	52.70869541168213
	accu: 		95.22222222222221%
	l1: 		1459.568359375
	p dist pair: 	22.89776611328125
	above 70.00%
epoch: 	17
	joint
	train
	time: 	475.45407009124756
	cross ent: 	0.014220592349851943
	cluster: 	0.019936380420324255
	separation:	48.7228015532317
	avg separation:	53.36481700755932
	accu: 		99.65962962962963%
	l1: 		1459.568359375
	p dist pair: 	23.284011840820312
	test
	time: 	2.106764316558838
	cross ent: 	0.5156264174011037
	cluster: 	2.6000986719851022
	separation:	47.49940617879232
	avg separation:	53.48560502794054
	accu: 		95.83333333333334%
	l1: 		1459.568359375
	p dist pair: 	23.284011840820312
	above 70.00%
epoch: 	18
	joint
	train
	time: 	475.4918808937073
	cross ent: 	0.011916903993208355
	cluster: 	0.01570735488775514
	separation:	49.60278753549081
	avg separation:	54.132998369004994
	accu: 		99.68%
	l1: 		1459.568359375
	p dist pair: 	23.63174819946289
	test
	time: 	2.0949833393096924
	cross ent: 	0.569923299677644
	cluster: 	2.6426301159018397
	separation:	48.25298261642456
	avg separation:	54.201351165771484
	accu: 		95.44444444444444%
	l1: 		1459.568359375
	p dist pair: 	23.63174819946289
	above 70.00%
epoch: 	19
	joint
	train
	time: 	475.7225694656372
	cross ent: 	0.011053978266504843
	cluster: 	0.012695286427566708
	separation:	50.122854853877314
	avg separation:	54.57274619660554
	accu: 		99.71%
	l1: 		1459.568359375
	p dist pair: 	23.66925811767578
	test
	time: 	2.0906448364257812
	cross ent: 	0.5503461222230038
	cluster: 	2.5682956643735855
	separation:	48.42669333351983
	avg separation:	54.2516598171658
	accu: 		95.55555555555556%
	l1: 		1459.568359375
	p dist pair: 	23.66925811767578
	above 70.00%
epoch: 	20
	joint
	train
	time: 	475.81393361091614
	cross ent: 	0.010355500474614334
	cluster: 	0.012317460954865897
	separation:	50.23919117454246
	avg separation:	54.67366024215133
	accu: 		99.71814814814815%
	l1: 		1459.568359375
	p dist pair: 	23.7092227935791
	test
	time: 	2.112546682357788
	cross ent: 	0.5535422325479844
	cluster: 	2.658428418561041
	separation:	48.57473749584622
	avg separation:	54.392807960510254
	accu: 		95.38888888888889%
	l1: 		1459.568359375
	p dist pair: 	23.7092227935791
	above 70.00%
	push
	Executing push ...
	push time: 	1496.6374621391296
	test
	time: 	2.0783331394195557
	cross ent: 	8.055640474272272
	cluster: 	2.814368371733369
	separation:	44.4030962795046
	avg separation:	50.93698901600308
	accu: 		94.88888888888889%
	l1: 		1459.568359375
	p dist pair: 	26.246105194091797
	above 70.00%
	last layer
iteration: 	0
	train
	time: 	246.80259227752686
	cross ent: 	0.8930137653667968
	cluster: 	0.007856782321365016
	separation:	45.572276323671694
	avg separation:	50.61016393703885
	accu: 		99.52888888888889%
	l1: 		1412.310302734375
	p dist pair: 	26.246105194091797
	test
	time: 	2.1162614822387695
	cross ent: 	5.009493655628628
	cluster: 	2.814368371733369
	separation:	44.4030962795046
	avg separation:	50.93698901600308
	accu: 		94.05555555555556%
	l1: 		1412.310302734375
	p dist pair: 	26.246105194091797
	above 70.00%
iteration: 	1
	train
	time: 	246.9732518196106
	cross ent: 	0.5984550501696522
	cluster: 	0.007856782234471567
	separation:	45.57227631180375
	avg separation:	50.61016394155997
	accu: 		99.50222222222223%
	l1: 		1381.284423828125
	p dist pair: 	26.246105194091797
	test
	time: 	2.087872266769409
	cross ent: 	4.157408021390438
	cluster: 	2.814368371733369
	separation:	44.4030962795046
	avg separation:	50.93698901600308
	accu: 		94.05555555555556%
	l1: 		1381.284423828125
	p dist pair: 	26.246105194091797
	above 70.00%
iteration: 	2
	train
	time: 	246.08439111709595
	cross ent: 	0.45381080560028286
	cluster: 	0.007856782384144051
	separation:	45.57227622759784
	avg separation:	50.61016391217267
	accu: 		99.54407407407408%
	l1: 		1347.466552734375
	p dist pair: 	26.246105194091797
	test
	time: 	2.0806941986083984
	cross ent: 	3.4007221087813377
	cluster: 	2.814368371733369
	separation:	44.4030962795046
	avg separation:	50.93698901600308
	accu: 		94.05555555555556%
	l1: 		1347.466552734375
	p dist pair: 	26.246105194091797
	above 70.00%
iteration: 	3
	train
	time: 	247.13960099220276
	cross ent: 	0.33609595224970945
	cluster: 	0.00785678230968144
	separation:	45.57227638244629
	avg separation:	50.61016388843678
	accu: 		99.58185185185185%
	l1: 		1312.19287109375
	p dist pair: 	26.246105194091797
	test
	time: 	2.0792076587677
	cross ent: 	2.800870855745517
	cluster: 	2.814368371733369
	separation:	44.4030962795046
	avg separation:	50.93698901600308
	accu: 		94.66666666666667%
	l1: 		1312.19287109375
	p dist pair: 	26.246105194091797
	above 70.00%
iteration: 	4
	train
	time: 	247.19471859931946
	cross ent: 	0.24405374188235598
	cluster: 	0.007856782271928974
	separation:	45.57227625020345
	avg separation:	50.61016390991211
	accu: 		99.61666666666666%
	l1: 		1279.225341796875
	p dist pair: 	26.246105194091797
	test
	time: 	2.0823662281036377
	cross ent: 	2.2450922424236017
	cluster: 	2.814368371733369
	separation:	44.4030962795046
	avg separation:	50.93698901600308
	accu: 		95.16666666666667%
	l1: 		1279.225341796875
	p dist pair: 	26.246105194091797
	above 70.00%
iteration: 	5
	train
	time: 	247.219988822937
	cross ent: 	0.1730254434000907
	cluster: 	0.007856782305459616
	separation:	45.57227628467701
	avg separation:	50.61016386583116
	accu: 		99.64555555555556%
	l1: 		1248.4134521484375
	p dist pair: 	26.246105194091797
	test
	time: 	2.087125301361084
	cross ent: 	1.8663769140032747
	cluster: 	2.814368371733369
	separation:	44.4030962795046
	avg separation:	50.93698901600308
	accu: 		95.66666666666667%
	l1: 		1248.4134521484375
	p dist pair: 	26.246105194091797
	above 70.00%
iteration: 	6
	train
	time: 	247.74400329589844
	cross ent: 	0.12883395257492186
	cluster: 	0.007856782344869055
	separation:	45.57227629937066
	avg separation:	50.610163890697336
	accu: 		99.6651851851852%
	l1: 		1221.970947265625
	p dist pair: 	26.246105194091797
	test
	time: 	2.075425386428833
	cross ent: 	1.6564696762284004
	cluster: 	2.814368371733369
	separation:	44.4030962795046
	avg separation:	50.93698901600308
	accu: 		95.94444444444444%
	l1: 		1221.970947265625
	p dist pair: 	26.246105194091797
	above 70.00%
iteration: 	7
	train
	time: 	246.7812008857727
	cross ent: 	0.10484367657575054
	cluster: 	0.007856782323098062
	separation:	45.57227628467701
	avg separation:	50.610163968686706
	accu: 		99.67407407407407%
	l1: 		1205.98974609375
	p dist pair: 	26.246105194091797
	test
	time: 	2.1117022037506104
	cross ent: 	1.5299686605131784
	cluster: 	2.814368371733369
	separation:	44.4030962795046
	avg separation:	50.93698901600308
	accu: 		95.72222222222221%
	l1: 		1205.98974609375
	p dist pair: 	26.246105194091797
	above 70.00%
iteration: 	8
	train
	time: 	246.65743923187256
	cross ent: 	0.09375872195561838
	cluster: 	0.0078567823545281
	separation:	45.5722762648971
	avg separation:	50.61016383079246
	accu: 		99.68518518518519%
	l1: 		1191.605712890625
	p dist pair: 	26.246105194091797
	test
	time: 	2.0823841094970703
	cross ent: 	1.4250249680921552
	cluster: 	2.814368371733369
	separation:	44.4030962795046
	avg separation:	50.93698901600308
	accu: 		95.72222222222221%
	l1: 		1191.605712890625
	p dist pair: 	26.246105194091797
	above 70.00%
iteration: 	9
	train
	time: 	247.07354426383972
	cross ent: 	0.08703971465901574
	cluster: 	0.007856782254510596
	separation:	45.57227630050094
	avg separation:	50.6101638986093
	accu: 		99.67370370370371%
	l1: 		1178.9337158203125
	p dist pair: 	26.246105194091797
	test
	time: 	2.10286808013916
	cross ent: 	1.407186440541813
	cluster: 	2.814368371733369
	separation:	44.4030962795046
	avg separation:	50.93698901600308
	accu: 		95.55555555555556%
	l1: 		1178.9337158203125
	p dist pair: 	26.246105194091797
	above 70.00%
iteration: 	10
	train
	time: 	247.37248301506042
	cross ent: 	0.08361280803046889
	cluster: 	0.007856782293444303
	separation:	45.5722762971101
	avg separation:	50.610163939299404
	accu: 		99.66925925925926%
	l1: 		1166.791259765625
	p dist pair: 	26.246105194091797
	test
	time: 	2.096729278564453
	cross ent: 	1.2858714667065922
	cluster: 	2.814368371733369
	separation:	44.4030962795046
	avg separation:	50.93698901600308
	accu: 		95.5%
	l1: 		1166.791259765625
	p dist pair: 	26.246105194091797
	above 70.00%
iteration: 	11
	train
	time: 	246.450448513031
	cross ent: 	0.07966368509665445
	cluster: 	0.007856782367609193
	separation:	45.572276252464015
	avg separation:	50.610163933648
	accu: 		99.67481481481482%
	l1: 		1157.07666015625
	p dist pair: 	26.246105194091797
	test
	time: 	2.0834953784942627
	cross ent: 	1.2064453665726533
	cluster: 	2.814368371733369
	separation:	44.4030962795046
	avg separation:	50.93698901600308
	accu: 		95.5%
	l1: 		1157.07666015625
	p dist pair: 	26.246105194091797
	above 70.00%
iteration: 	12
	train
	time: 	246.93386387825012
	cross ent: 	0.07581600509562586
	cluster: 	0.00785678226550191
	separation:	45.57227626828794
	avg separation:	50.610163939299404
	accu: 		99.66592592592592%
	l1: 		1147.502197265625
	p dist pair: 	26.246105194091797
	test
	time: 	2.0956621170043945
	cross ent: 	1.1364565015885293
	cluster: 	2.814368371733369
	separation:	44.4030962795046
	avg separation:	50.93698901600308
	accu: 		95.55555555555556%
	l1: 		1147.502197265625
	p dist pair: 	26.246105194091797
	above 70.00%
iteration: 	13
	train
	time: 	247.01211380958557
	cross ent: 	0.07213251769363548
	cluster: 	0.007856782329711104
	separation:	45.57227621177391
	avg separation:	50.610163922345194
	accu: 		99.66222222222221%
	l1: 		1136.046875
	p dist pair: 	26.246105194091797
	test
	time: 	2.085871458053589
	cross ent: 	1.0929620098565163
	cluster: 	2.814368371733369
	separation:	44.4030962795046
	avg separation:	50.93698901600308
	accu: 		95.5%
	l1: 		1136.046875
	p dist pair: 	26.246105194091797
	above 70.00%
iteration: 	14
	train
	time: 	246.726464509964
	cross ent: 	0.06914289086022259
	cluster: 	0.007856782315943275
	separation:	45.57227628863299
	avg separation:	50.610163868091725
	accu: 		99.66333333333334%
	l1: 		1125.5247802734375
	p dist pair: 	26.246105194091797
	test
	time: 	2.0901405811309814
	cross ent: 	1.0097427881539462
	cluster: 	2.814368371733369
	separation:	44.4030962795046
	avg separation:	50.93698901600308
	accu: 		95.55555555555556%
	l1: 		1125.5247802734375
	p dist pair: 	26.246105194091797
	above 70.00%
iteration: 	15
	train
	time: 	246.8817253112793
	cross ent: 	0.06622232854958945
	cluster: 	0.007856782345091483
	separation:	45.572276295414675
	avg separation:	50.61016396981699
	accu: 		99.67185185185186%
	l1: 		1115.1328125
	p dist pair: 	26.246105194091797
	test
	time: 	2.0846550464630127
	cross ent: 	0.954643743041768
	cluster: 	2.814368371733369
	separation:	44.4030962795046
	avg separation:	50.93698901600308
	accu: 		95.5%
	l1: 		1115.1328125
	p dist pair: 	26.246105194091797
	above 70.00%
iteration: 	16
	train
	time: 	246.60424423217773
	cross ent: 	0.06334517402425872
	cluster: 	0.007856782318171714
	separation:	45.57227628750271
	avg separation:	50.61016391386809
	accu: 		99.66444444444444%
	l1: 		1106.6754150390625
	p dist pair: 	26.246105194091797
	test
	time: 	2.113590955734253
	cross ent: 	0.9032140206780545
	cluster: 	2.814368371733369
	separation:	44.4030962795046
	avg separation:	50.93698901600308
	accu: 		95.61111111111111%
	l1: 		1106.6754150390625
	p dist pair: 	26.246105194091797
	above 70.00%
iteration: 	17
	train
	time: 	246.89230060577393
	cross ent: 	0.06130562047509992
	cluster: 	0.007856782350509541
	separation:	45.572276289198136
	avg separation:	50.61016383870443
	accu: 		99.66148148148149%
	l1: 		1098.16748046875
	p dist pair: 	26.246105194091797
	test
	time: 	2.1073780059814453
	cross ent: 	0.8527595440514738
	cluster: 	2.814368371733369
	separation:	44.4030962795046
	avg separation:	50.93698901600308
	accu: 		95.66666666666667%
	l1: 		1098.16748046875
	p dist pair: 	26.246105194091797
	above 70.00%
iteration: 	18
	train
	time: 	246.60991144180298
	cross ent: 	0.058618557042835674
	cluster: 	0.007856782344317316
	separation:	45.57227628072103
	avg separation:	50.61016390821669
	accu: 		99.66333333333334%
	l1: 		1091.04541015625
	p dist pair: 	26.246105194091797
	test
	time: 	2.0889530181884766
	cross ent: 	0.8215211438105648
	cluster: 	2.814368371733369
	separation:	44.4030962795046
	avg separation:	50.93698901600308
	accu: 		95.66666666666667%
	l1: 		1091.04541015625
	p dist pair: 	26.246105194091797
	above 70.00%
iteration: 	19
	train
	time: 	247.42429780960083
	cross ent: 	0.05602345938190668
	cluster: 	0.007856782263067809
	separation:	45.57227629597982
	avg separation:	50.61016391556351
	accu: 		99.67185185185186%
	l1: 		1081.839599609375
	p dist pair: 	26.246105194091797
	test
	time: 	2.0909600257873535
	cross ent: 	0.8021523852447798
	cluster: 	2.814368371733369
	separation:	44.4030962795046
	avg separation:	50.93698901600308
	accu: 		95.38888888888889%
	l1: 		1081.839599609375
	p dist pair: 	26.246105194091797
	above 70.00%
epoch: 	21
	joint
	train
	time: 	475.7542221546173
	cross ent: 	0.04979019651590329
	cluster: 	0.006415686960251009
	separation:	46.195454820421006
	avg separation:	50.592832355075416
	accu: 		99.67592592592592%
	l1: 		1081.839599609375
	p dist pair: 	26.251359939575195
	test
	time: 	2.1138124465942383
	cross ent: 	0.79058241259837
	cluster: 	2.8274945096577317
	separation:	45.584086587628626
	avg separation:	51.280963023503624
	accu: 		95.72222222222221%
	l1: 		1081.839599609375
	p dist pair: 	26.251359939575195
	above 70.00%
epoch: 	22
	joint
	train
	time: 	476.12463545799255
	cross ent: 	0.04483649259929806
	cluster: 	0.006346262127757598
	separation:	46.83653679685239
	avg separation:	51.02595689222548
	accu: 		99.68703703703704%
	l1: 		1081.839599609375
	p dist pair: 	26.263269424438477
	test
	time: 	2.1162960529327393
	cross ent: 	0.7127177831779995
	cluster: 	2.8380926644879216
	separation:	45.70324720591137
	avg separation:	51.43579811520047
	accu: 		95.66666666666667%
	l1: 		1081.839599609375
	p dist pair: 	26.263269424438477
	above 70.00%
epoch: 	23
	joint
	train
	time: 	475.84122943878174
	cross ent: 	0.039577519416253364
	cluster: 	0.006788341922647777
	separation:	46.968173467565464
	avg separation:	51.17820786878798
	accu: 		99.70037037037038%
	l1: 		1081.839599609375
	p dist pair: 	26.272132873535156
	test
	time: 	2.1021995544433594
	cross ent: 	0.7289325457438751
	cluster: 	2.9277797039208875
	separation:	46.23191220177533
	avg separation:	52.00691366195679
	accu: 		95.33333333333334%
	l1: 		1081.839599609375
	p dist pair: 	26.272132873535156
	above 70.00%
epoch: 	24
	joint
	train
	time: 	475.7243232727051
	cross ent: 	0.03382714688192687
	cluster: 	0.006911480377406676
	separation:	47.41927837569625
	avg separation:	51.60587324354384
	accu: 		99.70259259259258%
	l1: 		1081.839599609375
	p dist pair: 	26.273290634155273
	test
	time: 	2.0776326656341553
	cross ent: 	0.7203258108052735
	cluster: 	2.9039051427582856
	separation:	46.24903322843576
	avg separation:	51.998760011461044
	accu: 		95.33333333333334%
	l1: 		1081.839599609375
	p dist pair: 	26.273290634155273
	above 70.00%
epoch: 	25
	joint
	train
	time: 	475.9030873775482
	cross ent: 	0.032292502129330325
	cluster: 	0.00681991706298841
	separation:	47.43289434136285
	avg separation:	51.613703408700445
	accu: 		99.70740740740742%
	l1: 		1081.839599609375
	p dist pair: 	26.274662017822266
	test
	time: 	2.0921478271484375
	cross ent: 	0.6981322480478492
	cluster: 	2.875594768416712
	separation:	46.25122817982952
	avg separation:	51.98165610101488
	accu: 		95.5%
	l1: 		1081.839599609375
	p dist pair: 	26.274662017822266
	above 70.00%
epoch: 	26
	joint
	train
	time: 	476.15309596061707
	cross ent: 	0.031623946475711075
	cluster: 	0.006793790065735165
	separation:	47.442271683869535
	avg separation:	51.62016549117477
	accu: 		99.71518518518519%
	l1: 		1081.839599609375
	p dist pair: 	26.27576446533203
	test
	time: 	2.1152193546295166
	cross ent: 	0.7028536161305318
	cluster: 	2.9006879721625105
	separation:	46.26648995274768
	avg separation:	52.009717279010346
	accu: 		95.38888888888889%
	l1: 		1081.839599609375
	p dist pair: 	26.27576446533203
	above 70.00%
epoch: 	27
	joint
	train
	time: 	475.6142945289612
	cross ent: 	0.030672620318236993
	cluster: 	0.0068217930589765914
	separation:	47.45124305838126
	avg separation:	51.62637801219799
	accu: 		99.71777777777778%
	l1: 		1081.839599609375
	p dist pair: 	26.27692222595215
	test
	time: 	2.1230454444885254
	cross ent: 	0.6895806466780939
	cluster: 	2.8946629196458766
	separation:	46.27068911657375
	avg separation:	52.01123807165358
	accu: 		95.61111111111111%
	l1: 		1081.839599609375
	p dist pair: 	26.27692222595215
	above 70.00%
epoch: 	28
	joint
	train
	time: 	475.89993238449097
	cross ent: 	0.030016503188079132
	cluster: 	0.006861574113234248
	separation:	47.45841264399776
	avg separation:	51.633112953468604
	accu: 		99.71777777777778%
	l1: 		1081.839599609375
	p dist pair: 	26.278024673461914
	test
	time: 	2.0912692546844482
	cross ent: 	0.704886872798282
	cluster: 	2.91940915877947
	separation:	46.28348617960475
	avg separation:	52.03568169805739
	accu: 		95.33333333333334%
	l1: 		1081.839599609375
	p dist pair: 	26.278024673461914
	above 70.00%
epoch: 	29
	joint
	train
	time: 	475.8673813343048
	cross ent: 	0.029296103705450625
	cluster: 	0.006894555433525022
	separation:	47.46344847785102
	avg separation:	51.63530708708586
	accu: 		99.71666666666667%
	l1: 		1081.839599609375
	p dist pair: 	26.27813148498535
	test
	time: 	2.084610939025879
	cross ent: 	0.7040362503611767
	cluster: 	2.9178170142678166
	separation:	46.283881361166806
	avg separation:	52.03476519054837
	accu: 		95.33333333333334%
	l1: 		1081.839599609375
	p dist pair: 	26.27813148498535
	above 70.00%
epoch: 	30
	joint
	train
	time: 	475.89756059646606
	cross ent: 	0.02921657436995301
	cluster: 	0.006898247386450681
	separation:	47.46430370359067
	avg separation:	51.635956630000365
	accu: 		99.71851851851852%
	l1: 		1081.839599609375
	p dist pair: 	26.278276443481445
	test
	time: 	2.0876007080078125
	cross ent: 	0.7038784132228465
	cluster: 	2.9169035890784776
	separation:	46.284500346630615
	avg separation:	52.034554428524444
	accu: 		95.33333333333334%
	l1: 		1081.839599609375
	p dist pair: 	26.278276443481445
	above 70.00%
	push
	Executing push ...
	push time: 	1478.549998998642
	test
	time: 	2.1061851978302
	cross ent: 	0.9428613390777577
	cluster: 	2.8627851293941706
	separation:	45.36309420259598
	avg separation:	53.31288366847568
	accu: 		94.83333333333334%
	l1: 		1081.839599609375
	p dist pair: 	26.972942352294922
	above 70.00%
	last layer
iteration: 	0
	train
	time: 	246.48686909675598
	cross ent: 	0.09484812471648078
	cluster: 	0.006720726816793396
	separation:	46.52007010452836
	avg separation:	52.914393906204786
	accu: 		99.62037037037037%
	l1: 		1079.2283935546875
	p dist pair: 	26.972942352294922
	test
	time: 	2.0987420082092285
	cross ent: 	0.8554124846573805
	cluster: 	2.8627851293941706
	separation:	45.36309420259598
	avg separation:	53.31288366847568
	accu: 		95.05555555555556%
	l1: 		1079.2283935546875
	p dist pair: 	26.972942352294922
	above 70.00%
iteration: 	1
	train
	time: 	247.60048127174377
	cross ent: 	0.0711193112881762
	cluster: 	0.006720726909786484
	separation:	46.520070190429685
	avg separation:	52.914393978542755
	accu: 		99.65222222222222%
	l1: 		1074.267822265625
	p dist pair: 	26.972942352294922
	test
	time: 	2.09989595413208
	cross ent: 	0.7952601831367366
	cluster: 	2.8627851293941706
	separation:	45.36309420259598
	avg separation:	53.31288366847568
	accu: 		95.0%
	l1: 		1074.267822265625
	p dist pair: 	26.972942352294922
	above 70.00%
iteration: 	2
	train
	time: 	248.22312784194946
	cross ent: 	0.06338415376870235
	cluster: 	0.006720726822621364
	separation:	46.52007012939453
	avg separation:	52.91439386890553
	accu: 		99.65962962962963%
	l1: 		1065.861572265625
	p dist pair: 	26.972942352294922
	test
	time: 	2.110304594039917
	cross ent: 	0.792557238162909
	cluster: 	2.8627851293941706
	separation:	45.36309420259598
	avg separation:	53.31288366847568
	accu: 		95.05555555555556%
	l1: 		1065.861572265625
	p dist pair: 	26.972942352294922
	above 70.00%
iteration: 	3
	train
	time: 	247.52716517448425
	cross ent: 	0.05778657657561091
	cluster: 	0.00672072685797148
	separation:	46.52007016273781
	avg separation:	52.91439390168367
	accu: 		99.66407407407407%
	l1: 		1057.6317138671875
	p dist pair: 	26.972942352294922
	test
	time: 	2.107836961746216
	cross ent: 	0.7626867061749927
	cluster: 	2.8627851293941706
	separation:	45.36309420259598
	avg separation:	53.31288366847568
	accu: 		94.94444444444444%
	l1: 		1057.6317138671875
	p dist pair: 	26.972942352294922
	above 70.00%
iteration: 	4
	train
	time: 	247.31982970237732
	cross ent: 	0.05215787256112435
	cluster: 	0.006720726845862845
	separation:	46.52007018703885
	avg separation:	52.91439397910789
	accu: 		99.66592592592592%
	l1: 		1050.7706298828125
	p dist pair: 	26.972942352294922
	test
	time: 	2.106170892715454
	cross ent: 	0.7144735114135364
	cluster: 	2.8627851293941706
	separation:	45.36309420259598
	avg separation:	53.31288366847568
	accu: 		95.38888888888889%
	l1: 		1050.7706298828125
	p dist pair: 	26.972942352294922
	above 70.00%
iteration: 	5
	train
	time: 	246.76428484916687
	cross ent: 	0.0477422829964138
	cluster: 	0.006720726838195449
	separation:	46.52007014352304
	avg separation:	52.91439390394423
	accu: 		99.6774074074074%
	l1: 		1043.0745849609375
	p dist pair: 	26.972942352294922
	test
	time: 	2.116682529449463
	cross ent: 	0.7238189362154159
	cluster: 	2.8627851293941706
	separation:	45.36309420259598
	avg separation:	53.31288366847568
	accu: 		94.94444444444444%
	l1: 		1043.0745849609375
	p dist pair: 	26.972942352294922
	above 70.00%
iteration: 	6
	train
	time: 	247.98312878608704
	cross ent: 	0.0432264972629979
	cluster: 	0.006720726819243073
	separation:	46.520070164433236
	avg separation:	52.914393889250576
	accu: 		99.6637037037037%
	l1: 		1035.8310546875
	p dist pair: 	26.972942352294922
	test
	time: 	2.138536214828491
	cross ent: 	0.7185098693572863
	cluster: 	2.8627851293941706
	separation:	45.36309420259598
	avg separation:	53.31288366847568
	accu: 		95.27777777777777%
	l1: 		1035.8310546875
	p dist pair: 	26.972942352294922
	above 70.00%
iteration: 	7
	train
	time: 	247.9652886390686
	cross ent: 	0.03985985246489504
	cluster: 	0.0067207268137496395
	separation:	46.52007009039985
	avg separation:	52.91439389829282
	accu: 		99.67370370370371%
	l1: 		1027.4373779296875
	p dist pair: 	26.972942352294922
	test
	time: 	2.0997121334075928
	cross ent: 	0.6447945708364751
	cluster: 	2.8627851293941706
	separation:	45.36309420259598
	avg separation:	53.31288366847568
	accu: 		95.22222222222221%
	l1: 		1027.4373779296875
	p dist pair: 	26.972942352294922
	above 70.00%
iteration: 	8
	train
	time: 	247.23326182365417
	cross ent: 	0.0363907540428502
	cluster: 	0.006720726844785615
	separation:	46.52007021812156
	avg separation:	52.914393930505824
	accu: 		99.67703703703704%
	l1: 		1019.3768310546875
	p dist pair: 	26.972942352294922
	test
	time: 	2.1069254875183105
	cross ent: 	0.6533391351563095
	cluster: 	2.8627851293941706
	separation:	45.36309420259598
	avg separation:	53.31288366847568
	accu: 		95.27777777777777%
	l1: 		1019.3768310546875
	p dist pair: 	26.972942352294922
	above 70.00%
iteration: 	9
	train
	time: 	247.30249166488647
	cross ent: 	0.03351557220069155
	cluster: 	0.006720726869768863
	separation:	46.52007010452836
	avg separation:	52.9143938643844
	accu: 		99.67518518518519%
	l1: 		1011.7711181640625
	p dist pair: 	26.972942352294922
	test
	time: 	2.113886594772339
	cross ent: 	0.6037393969814643
	cluster: 	2.8627851293941706
	separation:	45.36309420259598
	avg separation:	53.31288366847568
	accu: 		95.38888888888889%
	l1: 		1011.7711181640625
	p dist pair: 	26.972942352294922
	above 70.00%
iteration: 	10
	train
	time: 	248.6484854221344
	cross ent: 	0.03117870690859138
	cluster: 	0.006720726816173304
	separation:	46.52007011809172
	avg separation:	52.91439392089844
	accu: 		99.67074074074074%
	l1: 		1003.7354736328125
	p dist pair: 	26.972942352294922
	test
	time: 	2.1456832885742188
	cross ent: 	0.5820466917791094
	cluster: 	2.8627851293941706
	separation:	45.36309420259598
	avg separation:	53.31288366847568
	accu: 		95.33333333333334%
	l1: 		1003.7354736328125
	p dist pair: 	26.972942352294922
	above 70.00%
iteration: 	11
	train
	time: 	247.73936247825623
	cross ent: 	0.029120379765489663
	cluster: 	0.006720726882219272
	separation:	46.52007016669379
	avg separation:	52.91439399097584
	accu: 		99.68037037037037%
	l1: 		997.4966430664062
	p dist pair: 	26.972942352294922
	test
	time: 	2.1294047832489014
	cross ent: 	0.5794862636637538
	cluster: 	2.8627851293941706
	separation:	45.36309420259598
	avg separation:	53.31288366847568
	accu: 		95.11111111111111%
	l1: 		997.4966430664062
	p dist pair: 	26.972942352294922
	above 70.00%
iteration: 	12
	train
	time: 	246.88668179512024
	cross ent: 	0.027593936760654664
	cluster: 	0.006720726835529353
	separation:	46.52007011696144
	avg separation:	52.914393923159
	accu: 		99.68555555555557%
	l1: 		989.7302856445312
	p dist pair: 	26.972942352294922
	test
	time: 	2.102065324783325
	cross ent: 	0.5448187963234271
	cluster: 	2.8627851293941706
	separation:	45.36309420259598
	avg separation:	53.31288366847568
	accu: 		95.33333333333334%
	l1: 		989.7302856445312
	p dist pair: 	26.972942352294922
	above 70.00%
iteration: 	13
	train
	time: 	247.93084263801575
	cross ent: 	0.026325325152535196
	cluster: 	0.006720726798524401
	separation:	46.52007017121492
	avg separation:	52.91439393107096
	accu: 		99.68518518518519%
	l1: 		981.76806640625
	p dist pair: 	26.972942352294922
	test
	time: 	2.1056575775146484
	cross ent: 	0.5160819492426809
	cluster: 	2.8627851293941706
	separation:	45.36309420259598
	avg separation:	53.31288366847568
	accu: 		95.44444444444444%
	l1: 		981.76806640625
	p dist pair: 	26.972942352294922
	above 70.00%
iteration: 	14
	train
	time: 	247.05133724212646
	cross ent: 	0.025482057611926293
	cluster: 	0.006720726852543001
	separation:	46.52007011809172
	avg separation:	52.914393971761065
	accu: 		99.68851851851852%
	l1: 		974.0405883789062
	p dist pair: 	26.972942352294922
	test
	time: 	2.104386568069458
	cross ent: 	0.5038636945940603
	cluster: 	2.8627851293941706
	separation:	45.36309420259598
	avg separation:	53.31288366847568
	accu: 		95.38888888888889%
	l1: 		974.0405883789062
	p dist pair: 	26.972942352294922
	above 70.00%
iteration: 	15
	train
	time: 	248.56488299369812
	cross ent: 	0.024562122347912805
	cluster: 	0.006720726849470366
	separation:	46.5200701344808
	avg separation:	52.91439392654984
	accu: 		99.69296296296297%
	l1: 		968.0948486328125
	p dist pair: 	26.972942352294922
	test
	time: 	2.0975215435028076
	cross ent: 	0.5194091832310784
	cluster: 	2.8627851293941706
	separation:	45.36309420259598
	avg separation:	53.31288366847568
	accu: 		95.38888888888889%
	l1: 		968.0948486328125
	p dist pair: 	26.972942352294922
	above 70.00%
iteration: 	16
	train
	time: 	247.76590180397034
	cross ent: 	0.024254886568871724
	cluster: 	0.006720726808159586
	separation:	46.52007012317799
	avg separation:	52.91439398645472
	accu: 		99.68111111111111%
	l1: 		960.763671875
	p dist pair: 	26.972942352294922
	test
	time: 	2.1261301040649414
	cross ent: 	0.5135429642760982
	cluster: 	2.8627851293941706
	separation:	45.36309420259598
	avg separation:	53.31288366847568
	accu: 		95.22222222222221%
	l1: 		960.763671875
	p dist pair: 	26.972942352294922
	above 70.00%
iteration: 	17
	train
	time: 	247.41448879241943
	cross ent: 	0.023460845815506226
	cluster: 	0.006720726853573627
	separation:	46.520070157651546
	avg separation:	52.914393896032266
	accu: 		99.6874074074074%
	l1: 		953.8473510742188
	p dist pair: 	26.972942352294922
	test
	time: 	2.140951633453369
	cross ent: 	0.5010080383785263
	cluster: 	2.8627851293941706
	separation:	45.36309420259598
	avg separation:	53.31288366847568
	accu: 		95.38888888888889%
	l1: 		953.8473510742188
	p dist pair: 	26.972942352294922
	above 70.00%
iteration: 	18
	train
	time: 	246.76706385612488
	cross ent: 	0.02323840391523537
	cluster: 	0.006720726831336145
	separation:	46.520070136176216
	avg separation:	52.91439397289135
	accu: 		99.68185185185186%
	l1: 		947.191162109375
	p dist pair: 	26.972942352294922
	test
	time: 	2.1098523139953613
	cross ent: 	0.4429568811024751
	cluster: 	2.8627851293941706
	separation:	45.36309420259598
	avg separation:	53.31288366847568
	accu: 		95.33333333333334%
	l1: 		947.191162109375
	p dist pair: 	26.972942352294922
	above 70.00%
iteration: 	19
	train
	time: 	247.8889605998993
	cross ent: 	0.02271247756308224
	cluster: 	0.006720726797747031
	separation:	46.52007014352304
	avg separation:	52.91439394011321
	accu: 		99.68333333333334%
	l1: 		940.092041015625
	p dist pair: 	26.972942352294922
	test
	time: 	2.1064791679382324
	cross ent: 	0.44920546714083304
	cluster: 	2.8627851293941706
	separation:	45.36309420259598
	avg separation:	53.31288366847568
	accu: 		95.16666666666667%
	l1: 		940.092041015625
	p dist pair: 	26.972942352294922
	above 70.00%
epoch: 	31
	joint
	train
	time: 	475.7200779914856
	cross ent: 	0.021179468588362043
	cluster: 	0.006722075356138511
	separation:	46.52551432065611
	avg separation:	52.91445345956308
	accu: 		99.69592592592592%
	l1: 		940.092041015625
	p dist pair: 	26.972951889038086
	test
	time: 	2.123735189437866
	cross ent: 	0.4482027625543247
	cluster: 	2.8653290109019105
	separation:	45.37175821925242
	avg separation:	53.31500826941596
	accu: 		95.16666666666667%
	l1: 		940.092041015625
	p dist pair: 	26.972951889038086
	above 70.00%
epoch: 	32
	joint
	train
	time: 	475.8504865169525
	cross ent: 	0.021173571615869732
	cluster: 	0.006733746379700986
	separation:	46.53101419519495
	avg separation:	52.91485875786675
	accu: 		99.6937037037037%
	l1: 		940.092041015625
	p dist pair: 	26.97295570373535
	test
	time: 	2.1088056564331055
	cross ent: 	0.4472993368896141
	cluster: 	2.8663314015124746
	separation:	45.37669927381244
	avg separation:	53.31568871604072
	accu: 		95.16666666666667%
	l1: 		940.092041015625
	p dist pair: 	26.97295570373535
	above 70.00%
epoch: 	33
	joint
	train
	time: 	476.19164395332336
	cross ent: 	0.021119777432068297
	cluster: 	0.006735729064097718
	separation:	46.53589434927481
	avg separation:	52.91491466267904
	accu: 		99.69518518518518%
	l1: 		940.092041015625
	p dist pair: 	26.97296142578125
	test
	time: 	2.1013476848602295
	cross ent: 	0.44764279694046155
	cluster: 	2.8672309000739915
	separation:	45.38151797390472
	avg separation:	53.31611545880636
	accu: 		95.16666666666667%
	l1: 		940.092041015625
	p dist pair: 	26.97296142578125
	above 70.00%
epoch: 	34
	joint
	train
	time: 	476.08625864982605
	cross ent: 	0.02101909781218784
	cluster: 	0.006738475543697689
	separation:	46.5386143278899
	avg separation:	52.914970312047885
	accu: 		99.69666666666667%
	l1: 		940.092041015625
	p dist pair: 	26.97296142578125
	test
	time: 	2.1346590518951416
	cross ent: 	0.4478062928176946
	cluster: 	2.8672721748202497
	separation:	45.38198535914833
	avg separation:	53.316107008192276
	accu: 		95.16666666666667%
	l1: 		940.092041015625
	p dist pair: 	26.97296142578125
	above 70.00%
epoch: 	35
	joint
	train
	time: 	476.00770020484924
	cross ent: 	0.021033085698457476
	cluster: 	0.006738688350371728
	separation:	46.53909503117314
	avg separation:	52.914958298294636
	accu: 		99.69740740740741%
	l1: 		940.092041015625
	p dist pair: 	26.97296142578125
	test
	time: 	2.104273796081543
	cross ent: 	0.44750048667179954
	cluster: 	2.8673055122273783
	separation:	45.38245059112342
	avg separation:	53.31608788172404
	accu: 		95.16666666666667%
	l1: 		940.092041015625
	p dist pair: 	26.97296142578125
	above 70.00%
epoch: 	36
	joint
	train
	time: 	476.32906794548035
	cross ent: 	0.02102259970292125
	cluster: 	0.0067385363110465946
	separation:	46.53956040841562
	avg separation:	52.914938790780525
	accu: 		99.69851851851853%
	l1: 		940.092041015625
	p dist pair: 	26.972957611083984
	test
	time: 	2.1026976108551025
	cross ent: 	0.447564342442206
	cluster: 	2.8673113560954437
	separation:	45.38290701116199
	avg separation:	53.316046714782715
	accu: 		95.16666666666667%
	l1: 		940.092041015625
	p dist pair: 	26.972957611083984
	above 70.00%
epoch: 	37
	joint
	train
	time: 	475.97295117378235
	cross ent: 	0.021023149555127282
	cluster: 	0.006738150222256467
	separation:	46.540019518251775
	avg separation:	52.914921514440465
	accu: 		99.69740740740741%
	l1: 		940.092041015625
	p dist pair: 	26.972957611083984
	test
	time: 	2.1322154998779297
	cross ent: 	0.44759337932550936
	cluster: 	2.8673258366351444
	separation:	45.38334437896811
